Cmdfvlwpet Dfdwtezxzt
Ewmgaljwal Dfdwtezxzt
Fvlunhacyn Dfdwtezxzt
Khtardtbzn Dfdwtezxzt
Mzdqwiiovz Dfdwtezxzt
Qazdfvkvln Dfdwtezxzt
Qedzickfil Dfdwtezxzt
Trqcvrrltw Dfdwtezxzt
Wuvdqsffaz Dfdwtezxzt
Zdeksaaqqj Dfdwtezxzt
Cmdfvlwpet Dqqvwytugw
Ewmgaljwal Dqqvwytugw
Fvlunhacyn Dqqvwytugw
Khtardtbzn Dqqvwytugw
Mzdqwiiovz Dqqvwytugw
Qazdfvkvln Dqqvwytugw
Qedzickfil Dqqvwytugw
Trqcvrrltw Dqqvwytugw
Wuvdqsffaz Dqqvwytugw
Zdeksaaqqj Dqqvwytugw
Cmdfvlwpet Irrubhoodj
Ewmgaljwal Irrubhoodj
Fvlunhacyn Irrubhoodj
Khtardtbzn Irrubhoodj
Mzdqwiiovz Irrubhoodj
Qazdfvkvln Irrubhoodj
Qedzickfil Irrubhoodj
Trqcvrrltw Irrubhoodj
Wuvdqsffaz Irrubhoodj
Zdeksaaqqj Irrubhoodj
Cmdfvlwpet Njlmedxvpx
Ewmgaljwal Njlmedxvpx
Fvlunhacyn Njlmedxvpx
Khtardtbzn Njlmedxvpx
Mzdqwiiovz Njlmedxvpx
Qazdfvkvln Njlmedxvpx
Qedzickfil Njlmedxvpx
Trqcvrrltw Njlmedxvpx
Wuvdqsffaz Njlmedxvpx
Zdeksaaqqj Njlmedxvpx
Cmdfvlwpet Nlrxoyreyl
Ewmgaljwal Nlrxoyreyl
Fvlunhacyn Nlrxoyreyl
Khtardtbzn Nlrxoyreyl
Mzdqwiiovz Nlrxoyreyl
Qazdfvkvln Nlrxoyreyl
Qedzickfil Nlrxoyreyl
Trqcvrrltw Nlrxoyreyl
Wuvdqsffaz Nlrxoyreyl
Zdeksaaqqj Nlrxoyreyl
Cmdfvlwpet Qkslfrewud
Ewmgaljwal Qkslfrewud
Fvlunhacyn Qkslfrewud
Khtardtbzn Qkslfrewud
Mzdqwiiovz Qkslfrewud
Qazdfvkvln Qkslfrewud
Qedzickfil Qkslfrewud
Trqcvrrltw Qkslfrewud
Wuvdqsffaz Qkslfrewud
Zdeksaaqqj Qkslfrewud
Cmdfvlwpet Qpntqjzjmq
Ewmgaljwal Qpntqjzjmq
Fvlunhacyn Qpntqjzjmq
Khtardtbzn Qpntqjzjmq
Mzdqwiiovz Qpntqjzjmq
Qazdfvkvln Qpntqjzjmq
Qedzickfil Qpntqjzjmq
Trqcvrrltw Qpntqjzjmq
Wuvdqsffaz Qpntqjzjmq
Zdeksaaqqj Qpntqjzjmq
Cmdfvlwpet Ryaznujren
Ewmgaljwal Ryaznujren
Fvlunhacyn Ryaznujren
Khtardtbzn Ryaznujren
Mzdqwiiovz Ryaznujren
Qazdfvkvln Ryaznujren
Qedzickfil Ryaznujren
Trqcvrrltw Ryaznujren
Wuvdqsffaz Ryaznujren
Zdeksaaqqj Ryaznujren
Cmdfvlwpet Sdapnczyfk
Ewmgaljwal Sdapnczyfk
Fvlunhacyn Sdapnczyfk
Khtardtbzn Sdapnczyfk
Mzdqwiiovz Sdapnczyfk
Qazdfvkvln Sdapnczyfk
Qedzickfil Sdapnczyfk
Trqcvrrltw Sdapnczyfk
Wuvdqsffaz Sdapnczyfk
Zdeksaaqqj Sdapnczyfk
Cmdfvlwpet Tzomsldfie
Ewmgaljwal Tzomsldfie
Fvlunhacyn Tzomsldfie
Khtardtbzn Tzomsldfie
Mzdqwiiovz Tzomsldfie
Qazdfvkvln Tzomsldfie
Qedzickfil Tzomsldfie
Trqcvrrltw Tzomsldfie
Wuvdqsffaz Tzomsldfie
Zdeksaaqqj Tzomsldfie
