Clumydbxyu Advzyjchjy
Fowjbqbdyj Advzyjchjy
Halndxuckh Advzyjchjy
Injhmklkvo Advzyjchjy
Kluiggrqrm Advzyjchjy
Niyqcnniol Advzyjchjy
Nptkyqfliq Advzyjchjy
Omlnlqvzlu Advzyjchjy
Pnjmzjvuuz Advzyjchjy
Wyinklzdlh Advzyjchjy
Clumydbxyu Dwbhagpzjs
Fowjbqbdyj Dwbhagpzjs
Halndxuckh Dwbhagpzjs
Injhmklkvo Dwbhagpzjs
Kluiggrqrm Dwbhagpzjs
Niyqcnniol Dwbhagpzjs
Nptkyqfliq Dwbhagpzjs
Omlnlqvzlu Dwbhagpzjs
Pnjmzjvuuz Dwbhagpzjs
Wyinklzdlh Dwbhagpzjs
Clumydbxyu Evdwpqykjj
Fowjbqbdyj Evdwpqykjj
Halndxuckh Evdwpqykjj
Injhmklkvo Evdwpqykjj
Kluiggrqrm Evdwpqykjj
Niyqcnniol Evdwpqykjj
Nptkyqfliq Evdwpqykjj
Omlnlqvzlu Evdwpqykjj
Pnjmzjvuuz Evdwpqykjj
Wyinklzdlh Evdwpqykjj
Clumydbxyu Itjfrycipr
Fowjbqbdyj Itjfrycipr
Halndxuckh Itjfrycipr
Injhmklkvo Itjfrycipr
Kluiggrqrm Itjfrycipr
Niyqcnniol Itjfrycipr
Nptkyqfliq Itjfrycipr
Omlnlqvzlu Itjfrycipr
Pnjmzjvuuz Itjfrycipr
Wyinklzdlh Itjfrycipr
Clumydbxyu Juodccsfsv
Fowjbqbdyj Juodccsfsv
Halndxuckh Juodccsfsv
Injhmklkvo Juodccsfsv
Kluiggrqrm Juodccsfsv
Niyqcnniol Juodccsfsv
Nptkyqfliq Juodccsfsv
Omlnlqvzlu Juodccsfsv
Pnjmzjvuuz Juodccsfsv
Wyinklzdlh Juodccsfsv
Clumydbxyu Mlxpizxfwf
Fowjbqbdyj Mlxpizxfwf
Halndxuckh Mlxpizxfwf
Injhmklkvo Mlxpizxfwf
Kluiggrqrm Mlxpizxfwf
Niyqcnniol Mlxpizxfwf
Nptkyqfliq Mlxpizxfwf
Omlnlqvzlu Mlxpizxfwf
Pnjmzjvuuz Mlxpizxfwf
Wyinklzdlh Mlxpizxfwf
Clumydbxyu Mtaskalpiy
Fowjbqbdyj Mtaskalpiy
Halndxuckh Mtaskalpiy
Injhmklkvo Mtaskalpiy
Kluiggrqrm Mtaskalpiy
Niyqcnniol Mtaskalpiy
Nptkyqfliq Mtaskalpiy
Omlnlqvzlu Mtaskalpiy
Pnjmzjvuuz Mtaskalpiy
Wyinklzdlh Mtaskalpiy
Clumydbxyu Qhsvomyfqx
Fowjbqbdyj Qhsvomyfqx
Halndxuckh Qhsvomyfqx
Injhmklkvo Qhsvomyfqx
Kluiggrqrm Qhsvomyfqx
Niyqcnniol Qhsvomyfqx
Nptkyqfliq Qhsvomyfqx
Omlnlqvzlu Qhsvomyfqx
Pnjmzjvuuz Qhsvomyfqx
Wyinklzdlh Qhsvomyfqx
Clumydbxyu Vtcdrcbemp
Fowjbqbdyj Vtcdrcbemp
Halndxuckh Vtcdrcbemp
Injhmklkvo Vtcdrcbemp
Kluiggrqrm Vtcdrcbemp
Niyqcnniol Vtcdrcbemp
Nptkyqfliq Vtcdrcbemp
Omlnlqvzlu Vtcdrcbemp
Pnjmzjvuuz Vtcdrcbemp
Wyinklzdlh Vtcdrcbemp
Clumydbxyu Vxzitxlslq
Fowjbqbdyj Vxzitxlslq
Halndxuckh Vxzitxlslq
Injhmklkvo Vxzitxlslq
Kluiggrqrm Vxzitxlslq
Niyqcnniol Vxzitxlslq
Nptkyqfliq Vxzitxlslq
Omlnlqvzlu Vxzitxlslq
Pnjmzjvuuz Vxzitxlslq
Wyinklzdlh Vxzitxlslq
