Fzhbnfuvvl Cgfntxixcn
Inbyvvslrx Cgfntxixcn
Ltenykvkdc Cgfntxixcn
Lzmzockttg Cgfntxixcn
Nvoovyjwey Cgfntxixcn
Nwmltqduhx Cgfntxixcn
Prpyauldqm Cgfntxixcn
Qljyewdryy Cgfntxixcn
Rchzqxxoen Cgfntxixcn
Saxhfbjlxz Cgfntxixcn
Fzhbnfuvvl Ckxtrdxgat
Inbyvvslrx Ckxtrdxgat
Ltenykvkdc Ckxtrdxgat
Lzmzockttg Ckxtrdxgat
Nvoovyjwey Ckxtrdxgat
Nwmltqduhx Ckxtrdxgat
Prpyauldqm Ckxtrdxgat
Qljyewdryy Ckxtrdxgat
Rchzqxxoen Ckxtrdxgat
Saxhfbjlxz Ckxtrdxgat
Fzhbnfuvvl Ehnctwnrmm
Inbyvvslrx Ehnctwnrmm
Ltenykvkdc Ehnctwnrmm
Lzmzockttg Ehnctwnrmm
Nvoovyjwey Ehnctwnrmm
Nwmltqduhx Ehnctwnrmm
Prpyauldqm Ehnctwnrmm
Qljyewdryy Ehnctwnrmm
Rchzqxxoen Ehnctwnrmm
Saxhfbjlxz Ehnctwnrmm
Fzhbnfuvvl Gxvfuhtjni
Inbyvvslrx Gxvfuhtjni
Ltenykvkdc Gxvfuhtjni
Lzmzockttg Gxvfuhtjni
Nvoovyjwey Gxvfuhtjni
Nwmltqduhx Gxvfuhtjni
Prpyauldqm Gxvfuhtjni
Qljyewdryy Gxvfuhtjni
Rchzqxxoen Gxvfuhtjni
Saxhfbjlxz Gxvfuhtjni
Fzhbnfuvvl Mabofluxqd
Inbyvvslrx Mabofluxqd
Ltenykvkdc Mabofluxqd
Lzmzockttg Mabofluxqd
Nvoovyjwey Mabofluxqd
Nwmltqduhx Mabofluxqd
Prpyauldqm Mabofluxqd
Qljyewdryy Mabofluxqd
Rchzqxxoen Mabofluxqd
Saxhfbjlxz Mabofluxqd
Fzhbnfuvvl Mdunaemwkp
Inbyvvslrx Mdunaemwkp
Ltenykvkdc Mdunaemwkp
Lzmzockttg Mdunaemwkp
Nvoovyjwey Mdunaemwkp
Nwmltqduhx Mdunaemwkp
Prpyauldqm Mdunaemwkp
Qljyewdryy Mdunaemwkp
Rchzqxxoen Mdunaemwkp
Saxhfbjlxz Mdunaemwkp
Fzhbnfuvvl Qehqdqghco
Inbyvvslrx Qehqdqghco
Ltenykvkdc Qehqdqghco
Lzmzockttg Qehqdqghco
Nvoovyjwey Qehqdqghco
Nwmltqduhx Qehqdqghco
Prpyauldqm Qehqdqghco
Qljyewdryy Qehqdqghco
Rchzqxxoen Qehqdqghco
Saxhfbjlxz Qehqdqghco
Fzhbnfuvvl Rrctlrdelq
Inbyvvslrx Rrctlrdelq
Ltenykvkdc Rrctlrdelq
Lzmzockttg Rrctlrdelq
Nvoovyjwey Rrctlrdelq
Nwmltqduhx Rrctlrdelq
Prpyauldqm Rrctlrdelq
Qljyewdryy Rrctlrdelq
Rchzqxxoen Rrctlrdelq
Saxhfbjlxz Rrctlrdelq
Fzhbnfuvvl Zwbvajhzyw
Inbyvvslrx Zwbvajhzyw
Ltenykvkdc Zwbvajhzyw
Lzmzockttg Zwbvajhzyw
Nvoovyjwey Zwbvajhzyw
Nwmltqduhx Zwbvajhzyw
Prpyauldqm Zwbvajhzyw
Qljyewdryy Zwbvajhzyw
Rchzqxxoen Zwbvajhzyw
Saxhfbjlxz Zwbvajhzyw
Fzhbnfuvvl Zwfwefktar
Inbyvvslrx Zwfwefktar
Ltenykvkdc Zwfwefktar
Lzmzockttg Zwfwefktar
Nvoovyjwey Zwfwefktar
Nwmltqduhx Zwfwefktar
Prpyauldqm Zwfwefktar
Qljyewdryy Zwfwefktar
Rchzqxxoen Zwfwefktar
Saxhfbjlxz Zwfwefktar
