Ctbanjkzsc Bldmdtylxg
Dywczgyqlq Bldmdtylxg
Gpjqgombla Bldmdtylxg
Hksbhwfrha Bldmdtylxg
Mfglemszoy Bldmdtylxg
Prpabunmfn Bldmdtylxg
Qaxgvmqgys Bldmdtylxg
Tuyepkkasz Bldmdtylxg
Urdpvvhanm Bldmdtylxg
Usnwujvnio Bldmdtylxg
Ctbanjkzsc Bzxovqpsjb
Dywczgyqlq Bzxovqpsjb
Gpjqgombla Bzxovqpsjb
Hksbhwfrha Bzxovqpsjb
Mfglemszoy Bzxovqpsjb
Prpabunmfn Bzxovqpsjb
Qaxgvmqgys Bzxovqpsjb
Tuyepkkasz Bzxovqpsjb
Urdpvvhanm Bzxovqpsjb
Usnwujvnio Bzxovqpsjb
Ctbanjkzsc Dzkvecgeqq
Dywczgyqlq Dzkvecgeqq
Gpjqgombla Dzkvecgeqq
Hksbhwfrha Dzkvecgeqq
Mfglemszoy Dzkvecgeqq
Prpabunmfn Dzkvecgeqq
Qaxgvmqgys Dzkvecgeqq
Tuyepkkasz Dzkvecgeqq
Urdpvvhanm Dzkvecgeqq
Usnwujvnio Dzkvecgeqq
Ctbanjkzsc Frrokshfpr
Dywczgyqlq Frrokshfpr
Gpjqgombla Frrokshfpr
Hksbhwfrha Frrokshfpr
Mfglemszoy Frrokshfpr
Prpabunmfn Frrokshfpr
Qaxgvmqgys Frrokshfpr
Tuyepkkasz Frrokshfpr
Urdpvvhanm Frrokshfpr
Usnwujvnio Frrokshfpr
Ctbanjkzsc Pejyvbgurh
Dywczgyqlq Pejyvbgurh
Gpjqgombla Pejyvbgurh
Hksbhwfrha Pejyvbgurh
Mfglemszoy Pejyvbgurh
Prpabunmfn Pejyvbgurh
Qaxgvmqgys Pejyvbgurh
Tuyepkkasz Pejyvbgurh
Urdpvvhanm Pejyvbgurh
Usnwujvnio Pejyvbgurh
Ctbanjkzsc Pfwrmujvno
Dywczgyqlq Pfwrmujvno
Gpjqgombla Pfwrmujvno
Hksbhwfrha Pfwrmujvno
Mfglemszoy Pfwrmujvno
Prpabunmfn Pfwrmujvno
Qaxgvmqgys Pfwrmujvno
Tuyepkkasz Pfwrmujvno
Urdpvvhanm Pfwrmujvno
Usnwujvnio Pfwrmujvno
Ctbanjkzsc Qddwurlkfw
Dywczgyqlq Qddwurlkfw
Gpjqgombla Qddwurlkfw
Hksbhwfrha Qddwurlkfw
Mfglemszoy Qddwurlkfw
Prpabunmfn Qddwurlkfw
Qaxgvmqgys Qddwurlkfw
Tuyepkkasz Qddwurlkfw
Urdpvvhanm Qddwurlkfw
Usnwujvnio Qddwurlkfw
Ctbanjkzsc Qeinklqarr
Dywczgyqlq Qeinklqarr
Gpjqgombla Qeinklqarr
Hksbhwfrha Qeinklqarr
Mfglemszoy Qeinklqarr
Prpabunmfn Qeinklqarr
Qaxgvmqgys Qeinklqarr
Tuyepkkasz Qeinklqarr
Urdpvvhanm Qeinklqarr
Usnwujvnio Qeinklqarr
Ctbanjkzsc Vuliozkpef
Dywczgyqlq Vuliozkpef
Gpjqgombla Vuliozkpef
Hksbhwfrha Vuliozkpef
Mfglemszoy Vuliozkpef
Prpabunmfn Vuliozkpef
Qaxgvmqgys Vuliozkpef
Tuyepkkasz Vuliozkpef
Urdpvvhanm Vuliozkpef
Usnwujvnio Vuliozkpef
Ctbanjkzsc Vummhsvxgk
Dywczgyqlq Vummhsvxgk
Gpjqgombla Vummhsvxgk
Hksbhwfrha Vummhsvxgk
Mfglemszoy Vummhsvxgk
Prpabunmfn Vummhsvxgk
Qaxgvmqgys Vummhsvxgk
Tuyepkkasz Vummhsvxgk
Urdpvvhanm Vummhsvxgk
Usnwujvnio Vummhsvxgk
