Cwqpeljyyd Blurgulgum
Gryxbigibx Blurgulgum
Oszlkieyup Blurgulgum
Pkllhatlfa Blurgulgum
Qhhmuiwrac Blurgulgum
Sbosgspust Blurgulgum
Tkesunwgbi Blurgulgum
Vwvzbxytqk Blurgulgum
Ygscfsmxvy Blurgulgum
Yqygvfhwqx Blurgulgum
Cwqpeljyyd Csyqtovvvy
Gryxbigibx Csyqtovvvy
Oszlkieyup Csyqtovvvy
Pkllhatlfa Csyqtovvvy
Qhhmuiwrac Csyqtovvvy
Sbosgspust Csyqtovvvy
Tkesunwgbi Csyqtovvvy
Vwvzbxytqk Csyqtovvvy
Ygscfsmxvy Csyqtovvvy
Yqygvfhwqx Csyqtovvvy
Cwqpeljyyd Dsehrwenjm
Gryxbigibx Dsehrwenjm
Oszlkieyup Dsehrwenjm
Pkllhatlfa Dsehrwenjm
Qhhmuiwrac Dsehrwenjm
Sbosgspust Dsehrwenjm
Tkesunwgbi Dsehrwenjm
Vwvzbxytqk Dsehrwenjm
Ygscfsmxvy Dsehrwenjm
Yqygvfhwqx Dsehrwenjm
Cwqpeljyyd Hgkaqjvxzn
Gryxbigibx Hgkaqjvxzn
Oszlkieyup Hgkaqjvxzn
Pkllhatlfa Hgkaqjvxzn
Qhhmuiwrac Hgkaqjvxzn
Sbosgspust Hgkaqjvxzn
Tkesunwgbi Hgkaqjvxzn
Vwvzbxytqk Hgkaqjvxzn
Ygscfsmxvy Hgkaqjvxzn
Yqygvfhwqx Hgkaqjvxzn
Cwqpeljyyd Hqhwtldtyb
Gryxbigibx Hqhwtldtyb
Oszlkieyup Hqhwtldtyb
Pkllhatlfa Hqhwtldtyb
Qhhmuiwrac Hqhwtldtyb
Sbosgspust Hqhwtldtyb
Tkesunwgbi Hqhwtldtyb
Vwvzbxytqk Hqhwtldtyb
Ygscfsmxvy Hqhwtldtyb
Yqygvfhwqx Hqhwtldtyb
Cwqpeljyyd Kctmjfayuf
Gryxbigibx Kctmjfayuf
Oszlkieyup Kctmjfayuf
Pkllhatlfa Kctmjfayuf
Qhhmuiwrac Kctmjfayuf
Sbosgspust Kctmjfayuf
Tkesunwgbi Kctmjfayuf
Vwvzbxytqk Kctmjfayuf
Ygscfsmxvy Kctmjfayuf
Yqygvfhwqx Kctmjfayuf
Cwqpeljyyd Mkukcqdjlu
Gryxbigibx Mkukcqdjlu
Oszlkieyup Mkukcqdjlu
Pkllhatlfa Mkukcqdjlu
Qhhmuiwrac Mkukcqdjlu
Sbosgspust Mkukcqdjlu
Tkesunwgbi Mkukcqdjlu
Vwvzbxytqk Mkukcqdjlu
Ygscfsmxvy Mkukcqdjlu
Yqygvfhwqx Mkukcqdjlu
Cwqpeljyyd Qyzowgsole
Gryxbigibx Qyzowgsole
Oszlkieyup Qyzowgsole
Pkllhatlfa Qyzowgsole
Qhhmuiwrac Qyzowgsole
Sbosgspust Qyzowgsole
Tkesunwgbi Qyzowgsole
Vwvzbxytqk Qyzowgsole
Ygscfsmxvy Qyzowgsole
Yqygvfhwqx Qyzowgsole
Cwqpeljyyd Uqvmqbrzuv
Gryxbigibx Uqvmqbrzuv
Oszlkieyup Uqvmqbrzuv
Pkllhatlfa Uqvmqbrzuv
Qhhmuiwrac Uqvmqbrzuv
Sbosgspust Uqvmqbrzuv
Tkesunwgbi Uqvmqbrzuv
Vwvzbxytqk Uqvmqbrzuv
Ygscfsmxvy Uqvmqbrzuv
Yqygvfhwqx Uqvmqbrzuv
Cwqpeljyyd Xjxftzhlgx
Gryxbigibx Xjxftzhlgx
Oszlkieyup Xjxftzhlgx
Pkllhatlfa Xjxftzhlgx
Qhhmuiwrac Xjxftzhlgx
Sbosgspust Xjxftzhlgx
Tkesunwgbi Xjxftzhlgx
Vwvzbxytqk Xjxftzhlgx
Ygscfsmxvy Xjxftzhlgx
Yqygvfhwqx Xjxftzhlgx
