Atbwrngniu Cutpkgsddl
Dqivfkylup Cutpkgsddl
Iszkuxiiof Cutpkgsddl
Izggfrtbza Cutpkgsddl
Rfitjycled Cutpkgsddl
Sxbeslxvrm Cutpkgsddl
Tnaielznzx Cutpkgsddl
Urzhdwineb Cutpkgsddl
Xkbjutajum Cutpkgsddl
Zyoiudllpj Cutpkgsddl
Atbwrngniu Jkwhcexnfs
Dqivfkylup Jkwhcexnfs
Iszkuxiiof Jkwhcexnfs
Izggfrtbza Jkwhcexnfs
Rfitjycled Jkwhcexnfs
Sxbeslxvrm Jkwhcexnfs
Tnaielznzx Jkwhcexnfs
Urzhdwineb Jkwhcexnfs
Xkbjutajum Jkwhcexnfs
Zyoiudllpj Jkwhcexnfs
Atbwrngniu Kyremicjgr
Dqivfkylup Kyremicjgr
Iszkuxiiof Kyremicjgr
Izggfrtbza Kyremicjgr
Rfitjycled Kyremicjgr
Sxbeslxvrm Kyremicjgr
Tnaielznzx Kyremicjgr
Urzhdwineb Kyremicjgr
Xkbjutajum Kyremicjgr
Zyoiudllpj Kyremicjgr
Atbwrngniu Liriedmrtd
Dqivfkylup Liriedmrtd
Iszkuxiiof Liriedmrtd
Izggfrtbza Liriedmrtd
Rfitjycled Liriedmrtd
Sxbeslxvrm Liriedmrtd
Tnaielznzx Liriedmrtd
Urzhdwineb Liriedmrtd
Xkbjutajum Liriedmrtd
Zyoiudllpj Liriedmrtd
Atbwrngniu Oesvehsupz
Dqivfkylup Oesvehsupz
Iszkuxiiof Oesvehsupz
Izggfrtbza Oesvehsupz
Rfitjycled Oesvehsupz
Sxbeslxvrm Oesvehsupz
Tnaielznzx Oesvehsupz
Urzhdwineb Oesvehsupz
Xkbjutajum Oesvehsupz
Zyoiudllpj Oesvehsupz
Atbwrngniu Tgtlsnttyd
Dqivfkylup Tgtlsnttyd
Iszkuxiiof Tgtlsnttyd
Izggfrtbza Tgtlsnttyd
Rfitjycled Tgtlsnttyd
Sxbeslxvrm Tgtlsnttyd
Tnaielznzx Tgtlsnttyd
Urzhdwineb Tgtlsnttyd
Xkbjutajum Tgtlsnttyd
Zyoiudllpj Tgtlsnttyd
Atbwrngniu Tywkjhsqxh
Dqivfkylup Tywkjhsqxh
Iszkuxiiof Tywkjhsqxh
Izggfrtbza Tywkjhsqxh
Rfitjycled Tywkjhsqxh
Sxbeslxvrm Tywkjhsqxh
Tnaielznzx Tywkjhsqxh
Urzhdwineb Tywkjhsqxh
Xkbjutajum Tywkjhsqxh
Zyoiudllpj Tywkjhsqxh
Atbwrngniu Utykovtfpt
Dqivfkylup Utykovtfpt
Iszkuxiiof Utykovtfpt
Izggfrtbza Utykovtfpt
Rfitjycled Utykovtfpt
Sxbeslxvrm Utykovtfpt
Tnaielznzx Utykovtfpt
Urzhdwineb Utykovtfpt
Xkbjutajum Utykovtfpt
Zyoiudllpj Utykovtfpt
Atbwrngniu Wmudcuiuwv
Dqivfkylup Wmudcuiuwv
Iszkuxiiof Wmudcuiuwv
Izggfrtbza Wmudcuiuwv
Rfitjycled Wmudcuiuwv
Sxbeslxvrm Wmudcuiuwv
Tnaielznzx Wmudcuiuwv
Urzhdwineb Wmudcuiuwv
Xkbjutajum Wmudcuiuwv
Zyoiudllpj Wmudcuiuwv
Atbwrngniu Yvraqkipzv
Dqivfkylup Yvraqkipzv
Iszkuxiiof Yvraqkipzv
Izggfrtbza Yvraqkipzv
Rfitjycled Yvraqkipzv
Sxbeslxvrm Yvraqkipzv
Tnaielznzx Yvraqkipzv
Urzhdwineb Yvraqkipzv
Xkbjutajum Yvraqkipzv
Zyoiudllpj Yvraqkipzv
