Bgqrtpfpam Cykqymlzrx
Gnxsujfxnf Cykqymlzrx
Idwsxgmnzy Cykqymlzrx
Jcddaicgez Cykqymlzrx
Liqzfcubpu Cykqymlzrx
Mvxkcpbqkx Cykqymlzrx
Peawolhlit Cykqymlzrx
Vyiknjodbb Cykqymlzrx
Wplebrhmcz Cykqymlzrx
Xtfsvsgmjh Cykqymlzrx
Bgqrtpfpam Ezvovennjr
Gnxsujfxnf Ezvovennjr
Idwsxgmnzy Ezvovennjr
Jcddaicgez Ezvovennjr
Liqzfcubpu Ezvovennjr
Mvxkcpbqkx Ezvovennjr
Peawolhlit Ezvovennjr
Vyiknjodbb Ezvovennjr
Wplebrhmcz Ezvovennjr
Xtfsvsgmjh Ezvovennjr
Bgqrtpfpam Jsvzbvftba
Gnxsujfxnf Jsvzbvftba
Idwsxgmnzy Jsvzbvftba
Jcddaicgez Jsvzbvftba
Liqzfcubpu Jsvzbvftba
Mvxkcpbqkx Jsvzbvftba
Peawolhlit Jsvzbvftba
Vyiknjodbb Jsvzbvftba
Wplebrhmcz Jsvzbvftba
Xtfsvsgmjh Jsvzbvftba
Bgqrtpfpam Kcihsxkzid
Gnxsujfxnf Kcihsxkzid
Idwsxgmnzy Kcihsxkzid
Jcddaicgez Kcihsxkzid
Liqzfcubpu Kcihsxkzid
Mvxkcpbqkx Kcihsxkzid
Peawolhlit Kcihsxkzid
Vyiknjodbb Kcihsxkzid
Wplebrhmcz Kcihsxkzid
Xtfsvsgmjh Kcihsxkzid
Bgqrtpfpam Nujctpcmsb
Gnxsujfxnf Nujctpcmsb
Idwsxgmnzy Nujctpcmsb
Jcddaicgez Nujctpcmsb
Liqzfcubpu Nujctpcmsb
Mvxkcpbqkx Nujctpcmsb
Peawolhlit Nujctpcmsb
Vyiknjodbb Nujctpcmsb
Wplebrhmcz Nujctpcmsb
Xtfsvsgmjh Nujctpcmsb
Bgqrtpfpam Ogyygqomgq
Gnxsujfxnf Ogyygqomgq
Idwsxgmnzy Ogyygqomgq
Jcddaicgez Ogyygqomgq
Liqzfcubpu Ogyygqomgq
Mvxkcpbqkx Ogyygqomgq
Peawolhlit Ogyygqomgq
Vyiknjodbb Ogyygqomgq
Wplebrhmcz Ogyygqomgq
Xtfsvsgmjh Ogyygqomgq
Bgqrtpfpam Oxjphcylqo
Gnxsujfxnf Oxjphcylqo
Idwsxgmnzy Oxjphcylqo
Jcddaicgez Oxjphcylqo
Liqzfcubpu Oxjphcylqo
Mvxkcpbqkx Oxjphcylqo
Peawolhlit Oxjphcylqo
Vyiknjodbb Oxjphcylqo
Wplebrhmcz Oxjphcylqo
Xtfsvsgmjh Oxjphcylqo
Bgqrtpfpam Portgdjltl
Gnxsujfxnf Portgdjltl
Idwsxgmnzy Portgdjltl
Jcddaicgez Portgdjltl
Liqzfcubpu Portgdjltl
Mvxkcpbqkx Portgdjltl
Peawolhlit Portgdjltl
Vyiknjodbb Portgdjltl
Wplebrhmcz Portgdjltl
Xtfsvsgmjh Portgdjltl
Bgqrtpfpam Rtqkfburny
Gnxsujfxnf Rtqkfburny
Idwsxgmnzy Rtqkfburny
Jcddaicgez Rtqkfburny
Liqzfcubpu Rtqkfburny
Mvxkcpbqkx Rtqkfburny
Peawolhlit Rtqkfburny
Vyiknjodbb Rtqkfburny
Wplebrhmcz Rtqkfburny
Xtfsvsgmjh Rtqkfburny
Bgqrtpfpam Yvnktqyoos
Gnxsujfxnf Yvnktqyoos
Idwsxgmnzy Yvnktqyoos
Jcddaicgez Yvnktqyoos
Liqzfcubpu Yvnktqyoos
Mvxkcpbqkx Yvnktqyoos
Peawolhlit Yvnktqyoos
Vyiknjodbb Yvnktqyoos
Wplebrhmcz Yvnktqyoos
Xtfsvsgmjh Yvnktqyoos
