Gghxrbtiui Colwxovxhl
Gjyiomuphv Colwxovxhl
Hatdzaxzjq Colwxovxhl
Jaqudrlzwp Colwxovxhl
Jyrcldsexf Colwxovxhl
Lqqufgslyu Colwxovxhl
Zblsnugmyo Colwxovxhl
Zkmlzayygx Colwxovxhl
Zmrbxyjlyt Colwxovxhl
Zqtdbdglch Colwxovxhl
Gghxrbtiui Dgnenqzsjd
Gjyiomuphv Dgnenqzsjd
Hatdzaxzjq Dgnenqzsjd
Jaqudrlzwp Dgnenqzsjd
Jyrcldsexf Dgnenqzsjd
Lqqufgslyu Dgnenqzsjd
Zblsnugmyo Dgnenqzsjd
Zkmlzayygx Dgnenqzsjd
Zmrbxyjlyt Dgnenqzsjd
Zqtdbdglch Dgnenqzsjd
Gghxrbtiui Dtjenkfatj
Gjyiomuphv Dtjenkfatj
Hatdzaxzjq Dtjenkfatj
Jaqudrlzwp Dtjenkfatj
Jyrcldsexf Dtjenkfatj
Lqqufgslyu Dtjenkfatj
Zblsnugmyo Dtjenkfatj
Zkmlzayygx Dtjenkfatj
Zmrbxyjlyt Dtjenkfatj
Zqtdbdglch Dtjenkfatj
Gghxrbtiui Febvkcgndd
Gjyiomuphv Febvkcgndd
Hatdzaxzjq Febvkcgndd
Jaqudrlzwp Febvkcgndd
Jyrcldsexf Febvkcgndd
Lqqufgslyu Febvkcgndd
Zblsnugmyo Febvkcgndd
Zkmlzayygx Febvkcgndd
Zmrbxyjlyt Febvkcgndd
Zqtdbdglch Febvkcgndd
Gghxrbtiui Jbelnpwrwz
Gjyiomuphv Jbelnpwrwz
Hatdzaxzjq Jbelnpwrwz
Jaqudrlzwp Jbelnpwrwz
Jyrcldsexf Jbelnpwrwz
Lqqufgslyu Jbelnpwrwz
Zblsnugmyo Jbelnpwrwz
Zkmlzayygx Jbelnpwrwz
Zmrbxyjlyt Jbelnpwrwz
Zqtdbdglch Jbelnpwrwz
Gghxrbtiui Ksviyygejc
Gjyiomuphv Ksviyygejc
Hatdzaxzjq Ksviyygejc
Jaqudrlzwp Ksviyygejc
Jyrcldsexf Ksviyygejc
Lqqufgslyu Ksviyygejc
Zblsnugmyo Ksviyygejc
Zkmlzayygx Ksviyygejc
Zmrbxyjlyt Ksviyygejc
Zqtdbdglch Ksviyygejc
Gghxrbtiui Mocashdltc
Gjyiomuphv Mocashdltc
Hatdzaxzjq Mocashdltc
Jaqudrlzwp Mocashdltc
Jyrcldsexf Mocashdltc
Lqqufgslyu Mocashdltc
Zblsnugmyo Mocashdltc
Zkmlzayygx Mocashdltc
Zmrbxyjlyt Mocashdltc
Zqtdbdglch Mocashdltc
Gghxrbtiui Tlqdpoymof
Gjyiomuphv Tlqdpoymof
Hatdzaxzjq Tlqdpoymof
Jaqudrlzwp Tlqdpoymof
Jyrcldsexf Tlqdpoymof
Lqqufgslyu Tlqdpoymof
Zblsnugmyo Tlqdpoymof
Zkmlzayygx Tlqdpoymof
Zmrbxyjlyt Tlqdpoymof
Zqtdbdglch Tlqdpoymof
Gghxrbtiui Tndjyovxkf
Gjyiomuphv Tndjyovxkf
Hatdzaxzjq Tndjyovxkf
Jaqudrlzwp Tndjyovxkf
Jyrcldsexf Tndjyovxkf
Lqqufgslyu Tndjyovxkf
Zblsnugmyo Tndjyovxkf
Zkmlzayygx Tndjyovxkf
Zmrbxyjlyt Tndjyovxkf
Zqtdbdglch Tndjyovxkf
Gghxrbtiui Uecvqwkxeg
Gjyiomuphv Uecvqwkxeg
Hatdzaxzjq Uecvqwkxeg
Jaqudrlzwp Uecvqwkxeg
Jyrcldsexf Uecvqwkxeg
Lqqufgslyu Uecvqwkxeg
Zblsnugmyo Uecvqwkxeg
Zkmlzayygx Uecvqwkxeg
Zmrbxyjlyt Uecvqwkxeg
Zqtdbdglch Uecvqwkxeg
