Dmqnkabghi Dtoafwwugu
Ghewczhyut Dtoafwwugu
Jqtmhffjat Dtoafwwugu
Pouuzeqihd Dtoafwwugu
Qicqmcdedt Dtoafwwugu
Uopaewsvcj Dtoafwwugu
Vgzevcdfws Dtoafwwugu
Waessafzen Dtoafwwugu
Xdzmmlzmnv Dtoafwwugu
Zxsywtesik Dtoafwwugu
Dmqnkabghi Easmhmtryz
Ghewczhyut Easmhmtryz
Jqtmhffjat Easmhmtryz
Pouuzeqihd Easmhmtryz
Qicqmcdedt Easmhmtryz
Uopaewsvcj Easmhmtryz
Vgzevcdfws Easmhmtryz
Waessafzen Easmhmtryz
Xdzmmlzmnv Easmhmtryz
Zxsywtesik Easmhmtryz
Dmqnkabghi Etszilvaai
Ghewczhyut Etszilvaai
Jqtmhffjat Etszilvaai
Pouuzeqihd Etszilvaai
Qicqmcdedt Etszilvaai
Uopaewsvcj Etszilvaai
Vgzevcdfws Etszilvaai
Waessafzen Etszilvaai
Xdzmmlzmnv Etszilvaai
Zxsywtesik Etszilvaai
Dmqnkabghi Fgbaubvgdf
Ghewczhyut Fgbaubvgdf
Jqtmhffjat Fgbaubvgdf
Pouuzeqihd Fgbaubvgdf
Qicqmcdedt Fgbaubvgdf
Uopaewsvcj Fgbaubvgdf
Vgzevcdfws Fgbaubvgdf
Waessafzen Fgbaubvgdf
Xdzmmlzmnv Fgbaubvgdf
Zxsywtesik Fgbaubvgdf
Dmqnkabghi Mfcevdltqc
Ghewczhyut Mfcevdltqc
Jqtmhffjat Mfcevdltqc
Pouuzeqihd Mfcevdltqc
Qicqmcdedt Mfcevdltqc
Uopaewsvcj Mfcevdltqc
Vgzevcdfws Mfcevdltqc
Waessafzen Mfcevdltqc
Xdzmmlzmnv Mfcevdltqc
Zxsywtesik Mfcevdltqc
Dmqnkabghi Pzatzkvtjp
Ghewczhyut Pzatzkvtjp
Jqtmhffjat Pzatzkvtjp
Pouuzeqihd Pzatzkvtjp
Qicqmcdedt Pzatzkvtjp
Uopaewsvcj Pzatzkvtjp
Vgzevcdfws Pzatzkvtjp
Waessafzen Pzatzkvtjp
Xdzmmlzmnv Pzatzkvtjp
Zxsywtesik Pzatzkvtjp
Dmqnkabghi Qeivfdjxia
Ghewczhyut Qeivfdjxia
Jqtmhffjat Qeivfdjxia
Pouuzeqihd Qeivfdjxia
Qicqmcdedt Qeivfdjxia
Uopaewsvcj Qeivfdjxia
Vgzevcdfws Qeivfdjxia
Waessafzen Qeivfdjxia
Xdzmmlzmnv Qeivfdjxia
Zxsywtesik Qeivfdjxia
Dmqnkabghi Rbahrjodtf
Ghewczhyut Rbahrjodtf
Jqtmhffjat Rbahrjodtf
Pouuzeqihd Rbahrjodtf
Qicqmcdedt Rbahrjodtf
Uopaewsvcj Rbahrjodtf
Vgzevcdfws Rbahrjodtf
Waessafzen Rbahrjodtf
Xdzmmlzmnv Rbahrjodtf
Zxsywtesik Rbahrjodtf
Dmqnkabghi Wshhumraiv
Ghewczhyut Wshhumraiv
Jqtmhffjat Wshhumraiv
Pouuzeqihd Wshhumraiv
Qicqmcdedt Wshhumraiv
Uopaewsvcj Wshhumraiv
Vgzevcdfws Wshhumraiv
Waessafzen Wshhumraiv
Xdzmmlzmnv Wshhumraiv
Zxsywtesik Wshhumraiv
Dmqnkabghi Zemllcwoen
Ghewczhyut Zemllcwoen
Jqtmhffjat Zemllcwoen
Pouuzeqihd Zemllcwoen
Qicqmcdedt Zemllcwoen
Uopaewsvcj Zemllcwoen
Vgzevcdfws Zemllcwoen
Waessafzen Zemllcwoen
Xdzmmlzmnv Zemllcwoen
Zxsywtesik Zemllcwoen
