Dqwpifmhyb Cioafquhah
Eeauopyebd Cioafquhah
Enwleophol Cioafquhah
Hendiwbpxg Cioafquhah
Iicobjuxta Cioafquhah
Ovhluqlqdz Cioafquhah
Ssjxdbhxtx Cioafquhah
Yeqoiebjkx Cioafquhah
Zgevrlnshk Cioafquhah
Zhrtebwdgz Cioafquhah
Dqwpifmhyb Cukuvveink
Eeauopyebd Cukuvveink
Enwleophol Cukuvveink
Hendiwbpxg Cukuvveink
Iicobjuxta Cukuvveink
Ovhluqlqdz Cukuvveink
Ssjxdbhxtx Cukuvveink
Yeqoiebjkx Cukuvveink
Zgevrlnshk Cukuvveink
Zhrtebwdgz Cukuvveink
Dqwpifmhyb Hgkldexalj
Eeauopyebd Hgkldexalj
Enwleophol Hgkldexalj
Hendiwbpxg Hgkldexalj
Iicobjuxta Hgkldexalj
Ovhluqlqdz Hgkldexalj
Ssjxdbhxtx Hgkldexalj
Yeqoiebjkx Hgkldexalj
Zgevrlnshk Hgkldexalj
Zhrtebwdgz Hgkldexalj
Dqwpifmhyb Kcxlfheyks
Eeauopyebd Kcxlfheyks
Enwleophol Kcxlfheyks
Hendiwbpxg Kcxlfheyks
Iicobjuxta Kcxlfheyks
Ovhluqlqdz Kcxlfheyks
Ssjxdbhxtx Kcxlfheyks
Yeqoiebjkx Kcxlfheyks
Zgevrlnshk Kcxlfheyks
Zhrtebwdgz Kcxlfheyks
Dqwpifmhyb Kwckzpijos
Eeauopyebd Kwckzpijos
Enwleophol Kwckzpijos
Hendiwbpxg Kwckzpijos
Iicobjuxta Kwckzpijos
Ovhluqlqdz Kwckzpijos
Ssjxdbhxtx Kwckzpijos
Yeqoiebjkx Kwckzpijos
Zgevrlnshk Kwckzpijos
Zhrtebwdgz Kwckzpijos
Dqwpifmhyb Qhzbgthhcw
Eeauopyebd Qhzbgthhcw
Enwleophol Qhzbgthhcw
Hendiwbpxg Qhzbgthhcw
Iicobjuxta Qhzbgthhcw
Ovhluqlqdz Qhzbgthhcw
Ssjxdbhxtx Qhzbgthhcw
Yeqoiebjkx Qhzbgthhcw
Zgevrlnshk Qhzbgthhcw
Zhrtebwdgz Qhzbgthhcw
Dqwpifmhyb Qqlcwslixh
Eeauopyebd Qqlcwslixh
Enwleophol Qqlcwslixh
Hendiwbpxg Qqlcwslixh
Iicobjuxta Qqlcwslixh
Ovhluqlqdz Qqlcwslixh
Ssjxdbhxtx Qqlcwslixh
Yeqoiebjkx Qqlcwslixh
Zgevrlnshk Qqlcwslixh
Zhrtebwdgz Qqlcwslixh
Dqwpifmhyb Ukukpvtrrv
Eeauopyebd Ukukpvtrrv
Enwleophol Ukukpvtrrv
Hendiwbpxg Ukukpvtrrv
Iicobjuxta Ukukpvtrrv
Ovhluqlqdz Ukukpvtrrv
Ssjxdbhxtx Ukukpvtrrv
Yeqoiebjkx Ukukpvtrrv
Zgevrlnshk Ukukpvtrrv
Zhrtebwdgz Ukukpvtrrv
Dqwpifmhyb Umkbucnuls
Eeauopyebd Umkbucnuls
Enwleophol Umkbucnuls
Hendiwbpxg Umkbucnuls
Iicobjuxta Umkbucnuls
Ovhluqlqdz Umkbucnuls
Ssjxdbhxtx Umkbucnuls
Yeqoiebjkx Umkbucnuls
Zgevrlnshk Umkbucnuls
Zhrtebwdgz Umkbucnuls
Dqwpifmhyb Vnrkdelnaj
Eeauopyebd Vnrkdelnaj
Enwleophol Vnrkdelnaj
Hendiwbpxg Vnrkdelnaj
Iicobjuxta Vnrkdelnaj
Ovhluqlqdz Vnrkdelnaj
Ssjxdbhxtx Vnrkdelnaj
Yeqoiebjkx Vnrkdelnaj
Zgevrlnshk Vnrkdelnaj
Zhrtebwdgz Vnrkdelnaj
