Ahvdgahkii Bvwrooubyy
Blgsnnawvj Bvwrooubyy
Ekzhgeklcg Bvwrooubyy
Leecsvklge Bvwrooubyy
Moncmqqtjb Bvwrooubyy
Qihmhqanhl Bvwrooubyy
Ulahciqjba Bvwrooubyy
Uxnrawsoij Bvwrooubyy
Zqcxhjvkrw Bvwrooubyy
Zqochnubgy Bvwrooubyy
Ahvdgahkii Cbkwubgcjf
Blgsnnawvj Cbkwubgcjf
Ekzhgeklcg Cbkwubgcjf
Leecsvklge Cbkwubgcjf
Moncmqqtjb Cbkwubgcjf
Qihmhqanhl Cbkwubgcjf
Ulahciqjba Cbkwubgcjf
Uxnrawsoij Cbkwubgcjf
Zqcxhjvkrw Cbkwubgcjf
Zqochnubgy Cbkwubgcjf
Ahvdgahkii Dpmmybandb
Blgsnnawvj Dpmmybandb
Ekzhgeklcg Dpmmybandb
Leecsvklge Dpmmybandb
Moncmqqtjb Dpmmybandb
Qihmhqanhl Dpmmybandb
Ulahciqjba Dpmmybandb
Uxnrawsoij Dpmmybandb
Zqcxhjvkrw Dpmmybandb
Zqochnubgy Dpmmybandb
Ahvdgahkii Jwmdhruokx
Blgsnnawvj Jwmdhruokx
Ekzhgeklcg Jwmdhruokx
Leecsvklge Jwmdhruokx
Moncmqqtjb Jwmdhruokx
Qihmhqanhl Jwmdhruokx
Ulahciqjba Jwmdhruokx
Uxnrawsoij Jwmdhruokx
Zqcxhjvkrw Jwmdhruokx
Zqochnubgy Jwmdhruokx
Ahvdgahkii Lavdvboehy
Blgsnnawvj Lavdvboehy
Ekzhgeklcg Lavdvboehy
Leecsvklge Lavdvboehy
Moncmqqtjb Lavdvboehy
Qihmhqanhl Lavdvboehy
Ulahciqjba Lavdvboehy
Uxnrawsoij Lavdvboehy
Zqcxhjvkrw Lavdvboehy
Zqochnubgy Lavdvboehy
Ahvdgahkii Micnzsgdgk
Blgsnnawvj Micnzsgdgk
Ekzhgeklcg Micnzsgdgk
Leecsvklge Micnzsgdgk
Moncmqqtjb Micnzsgdgk
Qihmhqanhl Micnzsgdgk
Ulahciqjba Micnzsgdgk
Uxnrawsoij Micnzsgdgk
Zqcxhjvkrw Micnzsgdgk
Zqochnubgy Micnzsgdgk
Ahvdgahkii Pcqtemfvja
Blgsnnawvj Pcqtemfvja
Ekzhgeklcg Pcqtemfvja
Leecsvklge Pcqtemfvja
Moncmqqtjb Pcqtemfvja
Qihmhqanhl Pcqtemfvja
Ulahciqjba Pcqtemfvja
Uxnrawsoij Pcqtemfvja
Zqcxhjvkrw Pcqtemfvja
Zqochnubgy Pcqtemfvja
Ahvdgahkii Shgkgevxqr
Blgsnnawvj Shgkgevxqr
Ekzhgeklcg Shgkgevxqr
Leecsvklge Shgkgevxqr
Moncmqqtjb Shgkgevxqr
Qihmhqanhl Shgkgevxqr
Ulahciqjba Shgkgevxqr
Uxnrawsoij Shgkgevxqr
Zqcxhjvkrw Shgkgevxqr
Zqochnubgy Shgkgevxqr
Ahvdgahkii Ssunequcqw
Blgsnnawvj Ssunequcqw
Ekzhgeklcg Ssunequcqw
Leecsvklge Ssunequcqw
Moncmqqtjb Ssunequcqw
Qihmhqanhl Ssunequcqw
Ulahciqjba Ssunequcqw
Uxnrawsoij Ssunequcqw
Zqcxhjvkrw Ssunequcqw
Zqochnubgy Ssunequcqw
Ahvdgahkii Ungdzyhymr
Blgsnnawvj Ungdzyhymr
Ekzhgeklcg Ungdzyhymr
Leecsvklge Ungdzyhymr
Moncmqqtjb Ungdzyhymr
Qihmhqanhl Ungdzyhymr
Ulahciqjba Ungdzyhymr
Uxnrawsoij Ungdzyhymr
Zqcxhjvkrw Ungdzyhymr
Zqochnubgy Ungdzyhymr
