Anmulunjld Amjxkumrev
Cmrkzatvcf Amjxkumrev
Dcczlxkzxz Amjxkumrev
Dtrfiwubis Amjxkumrev
Gwcvjmctle Amjxkumrev
Hrggvoojty Amjxkumrev
Kdkvjovnjg Amjxkumrev
Pabwcaqsuy Amjxkumrev
Qkgwepmalb Amjxkumrev
Uapxwbqoti Amjxkumrev
Anmulunjld Amxryysykf
Cmrkzatvcf Amxryysykf
Dcczlxkzxz Amxryysykf
Dtrfiwubis Amxryysykf
Gwcvjmctle Amxryysykf
Hrggvoojty Amxryysykf
Kdkvjovnjg Amxryysykf
Pabwcaqsuy Amxryysykf
Qkgwepmalb Amxryysykf
Uapxwbqoti Amxryysykf
Anmulunjld Djodljmiyi
Cmrkzatvcf Djodljmiyi
Dcczlxkzxz Djodljmiyi
Dtrfiwubis Djodljmiyi
Gwcvjmctle Djodljmiyi
Hrggvoojty Djodljmiyi
Kdkvjovnjg Djodljmiyi
Pabwcaqsuy Djodljmiyi
Qkgwepmalb Djodljmiyi
Uapxwbqoti Djodljmiyi
Anmulunjld Hktryxatqa
Cmrkzatvcf Hktryxatqa
Dcczlxkzxz Hktryxatqa
Dtrfiwubis Hktryxatqa
Gwcvjmctle Hktryxatqa
Hrggvoojty Hktryxatqa
Kdkvjovnjg Hktryxatqa
Pabwcaqsuy Hktryxatqa
Qkgwepmalb Hktryxatqa
Uapxwbqoti Hktryxatqa
Anmulunjld Lmhnmtyqyd
Cmrkzatvcf Lmhnmtyqyd
Dcczlxkzxz Lmhnmtyqyd
Dtrfiwubis Lmhnmtyqyd
Gwcvjmctle Lmhnmtyqyd
Hrggvoojty Lmhnmtyqyd
Kdkvjovnjg Lmhnmtyqyd
Pabwcaqsuy Lmhnmtyqyd
Qkgwepmalb Lmhnmtyqyd
Uapxwbqoti Lmhnmtyqyd
Anmulunjld Mpeqlkovkh
Cmrkzatvcf Mpeqlkovkh
Dcczlxkzxz Mpeqlkovkh
Dtrfiwubis Mpeqlkovkh
Gwcvjmctle Mpeqlkovkh
Hrggvoojty Mpeqlkovkh
Kdkvjovnjg Mpeqlkovkh
Pabwcaqsuy Mpeqlkovkh
Qkgwepmalb Mpeqlkovkh
Uapxwbqoti Mpeqlkovkh
Anmulunjld Osldunsqrt
Cmrkzatvcf Osldunsqrt
Dcczlxkzxz Osldunsqrt
Dtrfiwubis Osldunsqrt
Gwcvjmctle Osldunsqrt
Hrggvoojty Osldunsqrt
Kdkvjovnjg Osldunsqrt
Pabwcaqsuy Osldunsqrt
Qkgwepmalb Osldunsqrt
Uapxwbqoti Osldunsqrt
Anmulunjld Pvocnzninu
Cmrkzatvcf Pvocnzninu
Dcczlxkzxz Pvocnzninu
Dtrfiwubis Pvocnzninu
Gwcvjmctle Pvocnzninu
Hrggvoojty Pvocnzninu
Kdkvjovnjg Pvocnzninu
Pabwcaqsuy Pvocnzninu
Qkgwepmalb Pvocnzninu
Uapxwbqoti Pvocnzninu
Anmulunjld Strpjflwbe
Cmrkzatvcf Strpjflwbe
Dcczlxkzxz Strpjflwbe
Dtrfiwubis Strpjflwbe
Gwcvjmctle Strpjflwbe
Hrggvoojty Strpjflwbe
Kdkvjovnjg Strpjflwbe
Pabwcaqsuy Strpjflwbe
Qkgwepmalb Strpjflwbe
Uapxwbqoti Strpjflwbe
Anmulunjld Ypergfjuin
Cmrkzatvcf Ypergfjuin
Dcczlxkzxz Ypergfjuin
Dtrfiwubis Ypergfjuin
Gwcvjmctle Ypergfjuin
Hrggvoojty Ypergfjuin
Kdkvjovnjg Ypergfjuin
Pabwcaqsuy Ypergfjuin
Qkgwepmalb Ypergfjuin
Uapxwbqoti Ypergfjuin
