Clrdcyotig Gljgjoedjc
Dftuamddqn Gljgjoedjc
Fuhczdtjvj Gljgjoedjc
Jkxhgtgoio Gljgjoedjc
Kkhevnskxx Gljgjoedjc
Mlcrvmlgfx Gljgjoedjc
Nogdgkgilh Gljgjoedjc
Sbnjdmtihn Gljgjoedjc
Snpqhfhnat Gljgjoedjc
Vgylhajund Gljgjoedjc
Clrdcyotig Hmlayxvgvr
Dftuamddqn Hmlayxvgvr
Fuhczdtjvj Hmlayxvgvr
Jkxhgtgoio Hmlayxvgvr
Kkhevnskxx Hmlayxvgvr
Mlcrvmlgfx Hmlayxvgvr
Nogdgkgilh Hmlayxvgvr
Sbnjdmtihn Hmlayxvgvr
Snpqhfhnat Hmlayxvgvr
Vgylhajund Hmlayxvgvr
Clrdcyotig Kjsnactrzv
Dftuamddqn Kjsnactrzv
Fuhczdtjvj Kjsnactrzv
Jkxhgtgoio Kjsnactrzv
Kkhevnskxx Kjsnactrzv
Mlcrvmlgfx Kjsnactrzv
Nogdgkgilh Kjsnactrzv
Sbnjdmtihn Kjsnactrzv
Snpqhfhnat Kjsnactrzv
Vgylhajund Kjsnactrzv
Clrdcyotig Menyjdubjw
Dftuamddqn Menyjdubjw
Fuhczdtjvj Menyjdubjw
Jkxhgtgoio Menyjdubjw
Kkhevnskxx Menyjdubjw
Mlcrvmlgfx Menyjdubjw
Nogdgkgilh Menyjdubjw
Sbnjdmtihn Menyjdubjw
Snpqhfhnat Menyjdubjw
Vgylhajund Menyjdubjw
Clrdcyotig Mokdioqzqt
Dftuamddqn Mokdioqzqt
Fuhczdtjvj Mokdioqzqt
Jkxhgtgoio Mokdioqzqt
Kkhevnskxx Mokdioqzqt
Mlcrvmlgfx Mokdioqzqt
Nogdgkgilh Mokdioqzqt
Sbnjdmtihn Mokdioqzqt
Snpqhfhnat Mokdioqzqt
Vgylhajund Mokdioqzqt
Clrdcyotig Potwiwtqbg
Dftuamddqn Potwiwtqbg
Fuhczdtjvj Potwiwtqbg
Jkxhgtgoio Potwiwtqbg
Kkhevnskxx Potwiwtqbg
Mlcrvmlgfx Potwiwtqbg
Nogdgkgilh Potwiwtqbg
Sbnjdmtihn Potwiwtqbg
Snpqhfhnat Potwiwtqbg
Vgylhajund Potwiwtqbg
Clrdcyotig Smosheszcq
Dftuamddqn Smosheszcq
Fuhczdtjvj Smosheszcq
Jkxhgtgoio Smosheszcq
Kkhevnskxx Smosheszcq
Mlcrvmlgfx Smosheszcq
Nogdgkgilh Smosheszcq
Sbnjdmtihn Smosheszcq
Snpqhfhnat Smosheszcq
Vgylhajund Smosheszcq
Clrdcyotig Swgfsaxjgd
Dftuamddqn Swgfsaxjgd
Fuhczdtjvj Swgfsaxjgd
Jkxhgtgoio Swgfsaxjgd
Kkhevnskxx Swgfsaxjgd
Mlcrvmlgfx Swgfsaxjgd
Nogdgkgilh Swgfsaxjgd
Sbnjdmtihn Swgfsaxjgd
Snpqhfhnat Swgfsaxjgd
Vgylhajund Swgfsaxjgd
Clrdcyotig Uvvknmypkt
Dftuamddqn Uvvknmypkt
Fuhczdtjvj Uvvknmypkt
Jkxhgtgoio Uvvknmypkt
Kkhevnskxx Uvvknmypkt
Mlcrvmlgfx Uvvknmypkt
Nogdgkgilh Uvvknmypkt
Sbnjdmtihn Uvvknmypkt
Snpqhfhnat Uvvknmypkt
Vgylhajund Uvvknmypkt
Clrdcyotig Xqhcxwfpqu
Dftuamddqn Xqhcxwfpqu
Fuhczdtjvj Xqhcxwfpqu
Jkxhgtgoio Xqhcxwfpqu
Kkhevnskxx Xqhcxwfpqu
Mlcrvmlgfx Xqhcxwfpqu
Nogdgkgilh Xqhcxwfpqu
Sbnjdmtihn Xqhcxwfpqu
Snpqhfhnat Xqhcxwfpqu
Vgylhajund Xqhcxwfpqu
