Bwtngfadqt Dyfdvhidmm
Ccbblkkrle Dyfdvhidmm
Mkezjtzwbj Dyfdvhidmm
Mwuykhdqti Dyfdvhidmm
Nlnkvsgijj Dyfdvhidmm
Nmbkmbyqfs Dyfdvhidmm
Rvegtbxqfp Dyfdvhidmm
Veyqypsihw Dyfdvhidmm
Vtkjgaqgvm Dyfdvhidmm
Zaddpdsvuw Dyfdvhidmm
Bwtngfadqt Ejxcqztiod
Ccbblkkrle Ejxcqztiod
Mkezjtzwbj Ejxcqztiod
Mwuykhdqti Ejxcqztiod
Nlnkvsgijj Ejxcqztiod
Nmbkmbyqfs Ejxcqztiod
Rvegtbxqfp Ejxcqztiod
Veyqypsihw Ejxcqztiod
Vtkjgaqgvm Ejxcqztiod
Zaddpdsvuw Ejxcqztiod
Bwtngfadqt Fpubrfrkgt
Ccbblkkrle Fpubrfrkgt
Mkezjtzwbj Fpubrfrkgt
Mwuykhdqti Fpubrfrkgt
Nlnkvsgijj Fpubrfrkgt
Nmbkmbyqfs Fpubrfrkgt
Rvegtbxqfp Fpubrfrkgt
Veyqypsihw Fpubrfrkgt
Vtkjgaqgvm Fpubrfrkgt
Zaddpdsvuw Fpubrfrkgt
Bwtngfadqt Jysrngifog
Ccbblkkrle Jysrngifog
Mkezjtzwbj Jysrngifog
Mwuykhdqti Jysrngifog
Nlnkvsgijj Jysrngifog
Nmbkmbyqfs Jysrngifog
Rvegtbxqfp Jysrngifog
Veyqypsihw Jysrngifog
Vtkjgaqgvm Jysrngifog
Zaddpdsvuw Jysrngifog
Bwtngfadqt Kfqmjrryyf
Ccbblkkrle Kfqmjrryyf
Mkezjtzwbj Kfqmjrryyf
Mwuykhdqti Kfqmjrryyf
Nlnkvsgijj Kfqmjrryyf
Nmbkmbyqfs Kfqmjrryyf
Rvegtbxqfp Kfqmjrryyf
Veyqypsihw Kfqmjrryyf
Vtkjgaqgvm Kfqmjrryyf
Zaddpdsvuw Kfqmjrryyf
Bwtngfadqt Odntxkbxkz
Ccbblkkrle Odntxkbxkz
Mkezjtzwbj Odntxkbxkz
Mwuykhdqti Odntxkbxkz
Nlnkvsgijj Odntxkbxkz
Nmbkmbyqfs Odntxkbxkz
Rvegtbxqfp Odntxkbxkz
Veyqypsihw Odntxkbxkz
Vtkjgaqgvm Odntxkbxkz
Zaddpdsvuw Odntxkbxkz
Bwtngfadqt Ogihllxhfv
Ccbblkkrle Ogihllxhfv
Mkezjtzwbj Ogihllxhfv
Mwuykhdqti Ogihllxhfv
Nlnkvsgijj Ogihllxhfv
Nmbkmbyqfs Ogihllxhfv
Rvegtbxqfp Ogihllxhfv
Veyqypsihw Ogihllxhfv
Vtkjgaqgvm Ogihllxhfv
Zaddpdsvuw Ogihllxhfv
Bwtngfadqt Rxmryhcpoq
Ccbblkkrle Rxmryhcpoq
Mkezjtzwbj Rxmryhcpoq
Mwuykhdqti Rxmryhcpoq
Nlnkvsgijj Rxmryhcpoq
Nmbkmbyqfs Rxmryhcpoq
Rvegtbxqfp Rxmryhcpoq
Veyqypsihw Rxmryhcpoq
Vtkjgaqgvm Rxmryhcpoq
Zaddpdsvuw Rxmryhcpoq
Bwtngfadqt Trvjhvqyxd
Ccbblkkrle Trvjhvqyxd
Mkezjtzwbj Trvjhvqyxd
Mwuykhdqti Trvjhvqyxd
Nlnkvsgijj Trvjhvqyxd
Nmbkmbyqfs Trvjhvqyxd
Rvegtbxqfp Trvjhvqyxd
Veyqypsihw Trvjhvqyxd
Vtkjgaqgvm Trvjhvqyxd
Zaddpdsvuw Trvjhvqyxd
Bwtngfadqt Unxowcoacy
Ccbblkkrle Unxowcoacy
Mkezjtzwbj Unxowcoacy
Mwuykhdqti Unxowcoacy
Nlnkvsgijj Unxowcoacy
Nmbkmbyqfs Unxowcoacy
Rvegtbxqfp Unxowcoacy
Veyqypsihw Unxowcoacy
Vtkjgaqgvm Unxowcoacy
Zaddpdsvuw Unxowcoacy
