davided
jeffbob
patriciaviolet
garymarian
franzwendy
hansjohn
xavierpatricia
charlesdeanna
richardarnold
petergary
hanstommy
tommytom
garywilliam
patiwendy
marycarla
carlluann
luanncarla
billrichard
josemary
richstan
monicaharry
carladavid
markfranz
tomdeanna
monicamona
monicarich
violetbob
hansgary
danaxavier
wendydana
johnjohn
deannamonica
paticarla
charlesjohn
xaviermark
stanleystan
maryrich
wendybea
peterrick
jeffbill
monapeter
stanleyjack
edpeter
joseviolet
marianjose
carlacarl
garyrick
wendytommy
monicajose
mariangary
jacktommy
charlestom
marianbob
maryfrank
monacharles
monicadick
rickviolet
stanleywilliam
johnmonica
petermark
stansue
violetluann
tompati
suearnold
violetcarl
annegary
karled
stanleytommy
williamcharles
bobtommy
deannamark
peterpati
wendyrick
richardhans
davidgary
jeffwendy
tomstanley
jefftom
stanbob
violetrick
danafrank
tommark
patriciadavid
luannpati
josemonica
violetdick
stanrichard
karlarnold
arnoldtommy
frankjose
richkarl
markmonica
suerich
karlfranz
markcarl
monicabob
carljohn
xavierjose
stanleyfrank
hansjeff
hansdavid
dickmona
dickdick
tomfranz
danaharry
rickfrank
hansharry
bobpati
tomkarl
richarnold
williamcarla
monicaxavier
suejose
deannacharles
peterdana
xaviercarla
davidanne
monicawendy
josestan
tommymary
franzmona
markarnold
xavierfrank
jeffcarl
tommypatricia
daviddavid
joseanne
stanpati
edwendy
jeffbea
patisue
violetjohn
carlarick
deannasue
carlastanley
karlrich
markkarl
beapatricia
josemona
williamfrank
annedana
patiharry
stanleyrichard
beajack
annebob
tomjeff
davidjohn
marytom
charlesrich
jackdeanna
davidpatricia
marymona
luannluann
bobrick
bobsue
carlafrank
carlawendy
davidarnold
dickpati
frankdana
frankrichard
hansdana
markcarla
monaanne
monadana
monicahans
patibill
patriciacharles
peterbea
stanleywendy
stanleyxavier
tomanne
violetfranz
williamgary
williampeter
williamsue
garyjack
arnoldstan
bearich
monicaluann
frankdeanna
monicamonica
charlesarnold
franzanne
marianrick
violetdavid
johnhans
dickcarl
edpati
charleswilliam
danajack
carlapeter
carlabob
josefranz
mariancarla
tommybob
carlaharry
monastan
deannadick
monicafranz
violettom
josemarian
stangary
josejack
edmona
garysue
anneviolet
arnoldbea
edanne
suemark
johnstanley
marykarl
stanleyrick
luannbob
charlesgary
harryharry
annejohn
franzed
richardpeter
jeffdick
stanmona
maryxavier
patriciadick
sueharry
wendycharles
jackgary
deannaxavier
billfrank
patriciaharry
luanntom
maryluann
patriciaarnold
jeffarnold
suestan
charlesed
hansanne
markharry
richardstanley
suepeter
jeffharry
bobjeff
tomrich
markpatricia
richjohn
carltom
karlrick
richardcharles
harryed
charlesmark
frankfrank
rickfranz
deannapatricia
suemonica
deannaarnold
davidmary
edhans
standick
garystanley
dickviolet
peterjeff
williamxavier
beacarla
danajeff
jackjeff
maryharry
davidtommy
annemark
josebob
petercharles
mariandana
billkarl
patriciaxavier
tommyfrank
tommyhans
frankbea
frankbob
annewilliam
carlmona
richjack
patriciagary
davidhans
johncarla
tomviolet
violetmonica
beawilliam
bobluann
carljeff
charlescarl
franzrichard
petermarian
rickcarla
frankstanley
arnoldpatricia
harrywendy
richrick
danabob
patriciarich
tomgary
garyharry
violetjack
wendygary
charlesjose
franzmarian
markmarian
richardanne
monicagary
deannastan
carlpeter
richarddana
monicaed
johnmarian
edarnold
charlesfrank
frankjeff
richardtommy
carlbill
franzpatricia
davidbob
frankgary
franzrick
beapeter
garyrich
josegary
monajohn
edcarla
rickbob
wendymary
harryjose
patriciapeter
jackharry
bobstanley
charlessue
tompatricia
jackwilliam
suekarl
charlesjack
annemonica
jeffkarl
davidbill
patijose
arnoldrichard
markpeter
stanleymonica
charlespeter
billmark
xavierharry
hanshans
arnoldmona
luannmary
monaviolet
markrichard
luannfranz
luannbill
garymary
hansdeanna
deannaanne
bobdana
hansjack
maryarnold
patifranz
karlkarl
billbill
stanleyhans
stanleybea
dickcharles
hanskarl
richardpati
markdeanna
charlespati
josesue
richardbill
richardjohn
danaviolet
wendystanley
tomcarla
johnharry
franztommy
tommarian
frankwendy
bobmary
rickpeter
sueluann
xavierdick
dickstan
jeffmark
wendyjohn
williambill
karlmonica
marianmona
williamdana
stanjack
bobbob
carlcarla
paticharles
peterarnold
violetcarla
xavierviolet
carlfranz
richmarian
wendytom
maryrichard
rickcharles
williamharry
carled
markjack
garycarl
markpati
carlharry
markwendy
franzfrank
franzbea
karlpeter
beaarnold
wendyarnold
patriciakarl
hansmary
josekarl
charlesdick
tommyxavier
davidxavier
billmonica
stanleypeter
maryjohn
violetbill
bobxavier
arnoldxavier
luannarnold
karlluann
garydavid
danamonica
stancharles
wendyjose
marianjeff
richardfranz
carlacharles
wendypati
harryxavier
patriciapatricia
karlstan
richardluann
luannpatricia
jacktom
franzluann
violetwendy
hanstom
xaviergary
suedana
harrystanley
marianmarian
dickfranz
monicapati
marysue
markstan
richsue
markjose
arnoldrich
jackbill
harrykarl
deannabob
bobcharles
williamanne
markwilliam
suefranz
harryjohn
franzbob
hanscarla
harryluann
suemona
violetfrank
richardviolet
marymark
karltommy
williamrich
karlmarian
jeffrick
wendyfranz
sueviolet
davidwilliam
patriciacarla
jackxavier
jeffstan
carlcharles
annerich
violeted
hansmonica
garydeanna
wendyhans
arnoldbob
richgary
monagary
patriciatommy
luanndana
danadana
stanhans
richardmark
beamarian
harrystan
davidmarian
rickharry
williambea
annejack
annemona
arnoldjack
arnoldluann
beagary
bobpeter
charlesbill
danaarnold
danacarla
danatom
davidrichard
edmarian
frankdick
garypatricia
hansstan
harrybea
harryjeff
joseluann
mariancarl
markhans
monicastan
patricialuann
peterpatricia
tommydick
violetgary
patriciabob
stanleyanne
luanndavid
beadavid
marypatricia
karlpati
wendyfrank
stanmark
johnfranz
stanleyfranz
jackdana
billviolet
jackarnold
xavierdeanna
richardbea
johnanne
xavierluann
karlviolet
josedana
rickkarl
stanstanley
arnolddana
monicafrank
patixavier
franzdana
danastan
violetdana
carlawilliam
hansmona
franzsue
carlaviolet
jacked
garyluann
bobtom
richjose
tommycarla
josepati
tomed
edfrank
annecharles
billpatricia
richardbob
jeffrich
annehans
billfranz
monarick
xaviertommy
stanfrank
garykarl
xaviertom
jackjohn
richardpatricia
jeffmonica
josemark
carlxavier
wendysue
tommyfranz
edstan
suejack
maryjose
johnmary
edjohn
tommybill
xavierpati
monaluann
marybob
bobdeanna
edcarl
monarichard
monabill
edrich
marianrichard
arnoldtom
annepati
monacarla
marianviolet
franzcarl
charlesjeff
violetjose
beaharry
xavieranne
suecarla
suecharles
richardcarla
marianharry
bobmarian
richtom
dickfrank
tomtom
wendycarla
markjohn
harrypati
rickjohn
arnoldhans
davidpeter
petermonica
suebill
tommyanne
tommydavid
tomwilliam
stankarl
beapati
annemarian
stantommy
harrytom
franzjeff
charlesdavid
annedeanna
hanspatricia
jackluann
patriciamona
danamary
arnolded
annestanley
williamrick
stanleyviolet
carlgary
annejeff
edjack
rickpati
richardkarl
patikarl
richarddavid
beabill
bobed
peterluann
edjose
xavierjack
patriciarichard
williamdeanna
garyjeff
carlagary
richdeanna
markfrank
jackrichard
mariandick
peterbill
jackstan
patijeff
richmona
carlrichard
anneed
luannsue
edmonica
davidstanley
deannatom
josejose
stanleyjose
stanleysue
tomcharles
marianrich
jackpatricia
stanjeff
karlsue
tommyluann
frankmarian
dickmark
franzmary
tomarnold
stanleykarl
violetcharles
patipeter
monastanley
edmary
carlbob
josefrank
marianmary
richfranz
monatommy
deannastanley
rickanne
peterstanley
stanwilliam
xavierdana
jackcarla
bobstan
frankpati
williamjeff
tommyed
suesue
carlaed
davidcarla
peterfranz
stanpeter
annefranz
karljeff
bobrich
danacarl
deannaviolet
johntommy
jackmary
stanleymark
davidjeff
hansed
annefrank
franzcarla
josehans
carlakarl
garyxavier
karlharry
markdick
marycarl
xaviermary
frankmary
carlajack
johnbill
violetstan
tomstan
deannajose
franzdeanna
josestanley
karltom
garyrichard
johnfrank
harrysue
billarnold
stanbill
hansstanley
tombob
dickjack
stanbea
dickanne
monicarichard
mariandeanna
stanleypati
williamfranz
annexavier
deannaluann
billdick
wendybill
monicajeff
deannafrank
hansdick
jefffrank
stanleyarnold
peterbob
dickpeter
billhans
arnoldpeter
charlesmonica
patriciahans
jackfranz
carlabill
beamark
beabob
danagary
karlstanley
arnolddeanna
karldeanna
johnmark
richwendy
annewendy
jeffed
johnbea
richardstan
deannabea
annepeter
richbea
carldeanna
maryed
charlesbea
beakarl
peterxavier
johnjack
beajose
richluann
maryjack
frankjohn
dickluann
tomtommy
carlmary
carlhans
richardjack
deannarichard
monicaanne
violetdeanna
garyarnold
josetom
garymark
edrichard
beasue
harryarnold
marianwilliam
patriciaanne
franzcharles
edbea
wendywilliam
richharry
annejose
beafrank
billmona
carlamark
charlescarla
danarick
davidviolet
deannawendy
edwilliam
frankviolet
franzfranz
franzwilliam
harryrick
mariananne
monajack
monamary
richardxavier
richdavid
ricked
rickmark
suecarl
violetkarl
violettommy
wendymarian
williamhans
maryjeff
monamark
patriciaed
xavierkarl
edfranz
beabea
patitom
billdavid
carlaarnold
suerick
annearnold
arnoldfranz
tommymarian
violethans
marked
billstanley
williamwendy
jeffsue
patiwilliam
edbill
billcharles
luannanne
beastanley
josebea
tommyrick
monafranz
violetmona
bobwendy
marytommy
carlkarl
danastanley
peterdavid
franzdavid
suefrank
marypeter
richarddeanna
carlarnold
williamjohn
marktommy
xavierxavier
carlajeff
charlesstan
petertom
josecharles
jackanne
markmark
patied
billcarl
harrymona
bobjose
williammark
patriciajose
markrich
carlfrank
danajose
deannatommy
marianbea
deannapeter
patriciatom
hanspeter
johndick
davidrick
jackbea
rickcarl
rickrichard
stantom
williamcarl
hansfranz
patimary
monicatom
annecarl
beafranz
deannadeanna
tomfrank
monabea
jeffanne
frankbill
bobviolet
tommywendy
arnoldwilliam
davidsue
wendymark
hanscarl
edluann
suebea
danacharles
bealuann
frankmonica
dicksue
monicapeter
anneluann
harrybill
rickmona
garybill
rickdana
luanndick
monicabill
dickgary
suedavid
richjeff
davidfrank
jackrich
charlesstanley
bobmonica
dickbea
tomsue
xaviered
danaanne
williammary
ricktommy
beacharles
jackstanley
jeffwilliam
rickstan
stanwendy
carlasue
arnoldgary
deannagary
billwendy
peteranne
carlsue
johnrichard
xavierdavid
patiarnold
carlbea
xaviermonica
monicaarnold
dickrich
frankarnold
wendykarl
richardtom
marianpeter
danamarian
danasue
billbob
jeffdana
luannwendy
charlesrichard
deannajohn
annerichard
bobhans
richmonica
frankhans
tommykarl
richdick
williamed
richardrich
xaviermona
deannajeff
suepatricia
wendyanne
beaxavier
stanleycarl
patistanley
patitommy
billtom
bobanne
marianwendy
bobfranz
annedavid
richpeter
annetom
