carljose
standick
tomrichard
carlstan
deannadick
garytom
hansdavid
harrymary
karljack
richkarl
suemona
tomdeanna
tomrich
franztom
jeffcarl
wendyjohn
billmarian
franzanne
josepati
karlmary
annemona
beatommy
bobanne
carlafranz
carlrick
danaharry
danaxavier
dickdavid
frankrichard
frankwilliam
franzdana
franzjack
franzviolet
garykarl
garyluann
garysue
harryarnold
jeffmark
johnjose
karlfranz
karlxavier
maryrichard
monajeff
patriciasue
petercarl
petertommy
richardharry
richardsue
richardwendy
rickstan
stanrick
suebob
tompeter
wendybob
wendydick
williammark
hansgary
jackmarian
stanleyjack
violettommy
monicawendy
violetfranz
carlanne
danacarla
jackmary
luannanne
marianstan
markbill
maryrick
patriciamarian
peterarnold
richardfranz
stanleydick
tommyrich
violetcharles
violetjohn
wendyrick
williamgary
wendybill
markjack
davidhans
garyanne
garymark
johnbob
marydeanna
monicabob
peterhans
rickjeff
stanleytommy
tomdana
tommydavid
wendypatricia
williamharry
williamviolet
bobrich
jeffpati
stanjohn
suejose
edmarian
joserick
marianarnold
annefrank
annejohn
annekarl
arnoldmarian
beafrank
beajack
beajohn
billstan
billsue
bobed
bobjack
bobjohn
bobluann
bobwilliam
carlabea
carlakarl
carlamonica
carlbea
carldavid
carlmarian
charlescarl
charlespeter
charlesrich
charlesviolet
danajack
danasue
daviddavid
davidfrank
davidmonica
deannagary
deannakarl
deannaluann
dickbob
dickcarl
dickdick
frankhans
frankjohn
franzcarla
franzcharles
franzrichard
garyjack
garypatricia
garypeter
harrybob
harryed
harryjack
harryxavier
jackanne
jackpeter
jackstan
jefffranz
jeffwilliam
johndeanna
karled
karlmarian
luannhans
luannjose
luannstanley
marianjohn
markcarla
marked
markjeff
markrick
marktom
marybea
marycarl
marydick
monaanne
monaed
monafranz
monarich
monawendy
monicapati
patiarnold
patibea
patidana
patideanna
patied
patimary
patixavier
patriciacarla
patriciadick
patriciagary
patriciapati
peterjose
peterwendy
peterwilliam
richardcarl
richarddavid
rickbob
rickdeanna
rickjack
rickluann
rickrich
stanleyjohn
stanleyviolet
suearnold
tomed
tommybill
tommyfranz
tommyjeff
tommytom
tomviolet
violetmark
wendymary
williammonica
williamsue
xavierfranz
xaviertom
carlabill
markviolet
rickfrank
suerichard
tommyrick
annemonica
annestan
billharry
charlesfrank
davidpati
dickjose
dickluann
jackcharles
marksue
monacarl
patikarl
wendyed
karlstanley
markfranz
marydavid
marywendy
patriciafrank
arnoldjose
annemary
franzgary
harryviolet
johnwilliam
patimark
suehans
suejeff
williamjose
billcarla
joseharry
beamonica
bearich
bobrichard
carlacarl
charlesdana
danafrank
davidpatricia
davidstanley
dickcarla
dickpati
frankbea
franzbea
jeffdavid
luannfrank
luannviolet
marianwendy
markgary
monadick
monicajohn
monicamonica
richpeter
rickdana
rickxavier
stanmary
tommycarl
williampeter
williamrichard
xavierjack
danafranz
harrybea
josedick
patriciabill
xavierrich
carlajack
harrymona
mariankarl
tommywilliam
beabob
billdavid
edstanley
franzpati
hansrick
jackrich
johnmona
karlcarl
maryjose
monicaarnold
monicawilliam
peterjack
staned
stanleyarnold
xavierdana
daviddana
markjohn
monafrank
wendyfrank
billjack
richarddeanna
carlasue
carlfrank
deannamarian
dickmona
frankrick
hansjeff
jeffarnold
joseluann
stanleycarla
suefrank
violetluann
williamhans
charlesfranz
danabea
tomjose
markcharles
stanleybob
annemarian
arnoldjohn
billfranz
billjeff
carlamona
carlarich
charlesjohn
danamary
danapati
davidarnold
deannarick
dickmary
dickwendy
edbea
edbob
franzbob
franzfranz
garyhans
hansxavier
johnfranz
johnmonica
johntom
josecarla
josexavier
karlfrank
luannpati
maryed
monajohn
monamona
monaxavier
monicaed
patiluann
patriciajeff
standeanna
stanleybea
stanleycharles
stanleydeanna
stanleystan
stanluann
suewendy
tommydick
violetbill
violetgary
wendyjeff
williamdick
xaviercharles
xavierfrank
xavierjeff
charlesmary
danapatricia
franzstanley
hansmarian
jeffpatricia
anneed
carlacharles
charlesbob
charlesdeanna
charlesgary
deannajohn
deannarichard
dickcharles
hanstom
patimonica
peterbea
richmarian
violetdick
patitom
luannwendy
annerichard
jeffed
johnviolet
luannbob
markdick
patijose
patriciaanne
stankarl
eded
edluann
marykarl
rickwilliam
wendybea
arnoldtom
frankpati
karlkarl
annetom
annexavier
arnoldbill
beabill
beatom
beawilliam
billarnold
billcharles
billed
billjose
billxavier
bobdana
bobfranz
bobmarian
bobstan
bobstanley
bobviolet
carlacarla
carlajose
carlapatricia
carlapeter
carljohn
charleshans
charlestom
danabob
danadavid
danajose
danarick
davidcharles
daviddick
davidjeff
davidmark
davidrick
davidviolet
deannahans
deannamark
deannastan
dickpatricia
dicktom
edmary
edpeter
edrichard
frankdeanna
frankjose
frankmark
franzluann
franzmark
garyfrank
garygary
garyjohn
garyviolet
garywilliam
hansbill
hansdick
hanskarl
hansluann
harrycarl
harrydavid
harrydick
harrypeter
harrystanley
jackmark
jeffcarla
jefffrank
jeffgary
jeffhans
jeffkarl
jeffmarian
johncarl
johnjeff
josebea
josebill
joseed
josejack
josepatricia
josestanley
josetommy
josewendy
luannarnold
luannbill
luanndeanna
luannmona
marianjeff
marianjose
marianmonica
mariantommy
marianxavier
markmark
markwilliam
marydana
maryjack
marymonica
marystan
maryviolet
maryxavier
monabea
monakarl
monamark
monicamarian
patimarian
patipati
patirick
patriciastanley
richarddick
richardjohn
richardmark
richardmona
richardpati
richdavid
richpati
richrichard
rickcarl
ricked
stancarl
stanleydana
stanpatricia
stanstanley
stantom
stanwendy
stanwilliam
suebea
suegary
suerich
tombob
tomjeff
tommyluann
tompati
tomwilliam
violetfrank
violetjeff
wendycharles
wendydeanna
wendypati
williamarnold
williambob
williampati
williampatricia
williamrick
xavierjohn
xavierluann
xavierstan
xavierwendy
charlesed
josemona
karlbill
marybill
patijohn
tommycharles
beapeter
carlmark
danawilliam
davidfranz
edharry
rickjohn
stanleywilliam
arnoldjack
beastanley
danarichard
dickdeanna
garybea
harryharry
marianrichard
monacarla
sueanne
wendygary
xavierpeter
mariandavid
xavierviolet
arnoldpati
carldeanna
suedana
tommyarnold
beamarian
bobmona
carlharry
deannafrank
frankjeff
harryjeff
jackdick
johnluann
markfrank
maryharry
paticharles
petercarla
richardwilliam
richharry
suetom
danatom
rickbill
stanbill
suemonica
patriciaviolet
tommykarl
annefranz
arnoldbob
beawendy
bobcarla
carlaxavier
carltommy
danajeff
dickjohn
edcarla
frankbill
frankdick
franztommy
harrypati
harryrick
jeffharry
jeffjack
johndick
josepeter
karlgary
monadavid
monapati
monapatricia
monicaxavier
patidick
patriciatom
petersue
richardfrank
richbill
stanharry
sueharry
tomcharles
tommyharry
tomstan
tomxavier
violetstan
xavierarnold
monicapatricia
tomdavid
edrich
markmary
annebob
beajose
beamary
billcarl
carlarichard
davidrichard
franzkarl
franzwilliam
harryhans
jackrichard
johncharles
johnsue
marypeter
stanleyhans
stanleyjose
stanleykarl
stanleytom
tomfrank
tomhans
violetwilliam
mariananne
deannawilliam
patriciarichard
annerich
beacarla
beaxavier
billwilliam
carlastanley
charlespatricia
dickwilliam
frankarnold
frankcharles
franzmary
hanswilliam
monicaanne
monicajose
monicarich
patriciapatricia
rickarnold
stanleymary
suekarl
tommypati
wendystan
luannjohn
richardjack
annecarl
bobpati
carlamary
harrybill
jeffjohn
monicastanley
annedick
billhans
bobmark
carlapati
charlesluann
danacarl
danapeter
davidpeter
deannabob
deannapeter
frankfranz
frankstan
garyrich
hansrichard
hansviolet
harryanne
karlstan
karlwendy
marianmona
marianstanley
mariantom
marymark
marymary
marysue
monicajack
patirichard
peterbob
peterdana
peterrich
richdana
richjack
rickwendy
stanfrank
stanleymonica
stanleyrichard
stanleysue
suewilliam
tommark
tommary
violetbea
violetkarl
violetxavier
xavierpatricia
xavierrick
franzmona
harrytommy
jackcarla
stanmona
joseviolet
violetharry
annecarla
arnolded
billpeter
dickdana
jeffrich
karlpatricia
mariangary
patiwendy
peterrick
stanleygary
monamary
stanleyrick
wendypeter
annepatricia
johnpati
arnoldwilliam
carled
danagary
davidtom
deannaviolet
eddana
edxavier
franzmonica
franzstan
marianbill
monicadick
peterdick
richardmarian
richluann
stanleyjeff
suebill
tommydeanna
wendyfranz
franzwendy
luanned
richbea
xavierbill
carlmonica
johnwendy
annehans
annejose
arnoldmary
arnoldpatricia
beaharry
beakarl
beapati
billkarl
billtommy
bobdavid
bobharry
carlahans
carlluann
carlviolet
carlwendy
carlxavier
charlescharles
danajohn
danamona
davidharry
davidjohn
davidwendy
deannadavid
deannaed
deannamona
deannapatricia
dickrick
edjeff
edsue
frankharry
frankjack
franksue
franzjohn
franzmarian
garycharles
garydana
garydeanna
garydick
hansbea
hansbob
hanscarl
hansjack
hansmark
harryfrank
harryfranz
harryjohn
harryluann
jackmona
jeffdeanna
jeffsue
johnxavier
josecarl
josefrank
karlbea
karltom
luannbea
luanncarl
luanndavid
luannrich
luanntommy
marianfrank
marianmary
marianrick
markbea
markcarl
markluann
markmona
markrichard
markstanley
maryfranz
marymarian
marytom
marywilliam
monadana
monadeanna
monagary
monastanley
monaviolet
monicafrank
monicamona
monicasue
patidavid
patriciacarl
patriciadana
patriciafranz
patriciajohn
patriciajose
peterdavid
peterpatricia
richarded
richardhans
richardstanley
richardxavier
richjeff
richmary
richrich
richrick
richstan
richsue
richviolet
rickmark
stanarnold
stanleybill
stanleycarl
stanleymarian
stanleymark
stanmarian
suedeanna
suedick
tombea
tomcarla
tomdick
tommystanley
tomrick
violetmarian
violetrich
violetrick
wendyluann
wendymona
wendywendy
williambill
williamed
williamjeff
williamtom
williamtommy
xaviergary
bobcharles
hansrich
jefftommy
tomkarl
arnoldluann
arnoldrich
carlawendy
carldana
davidanne
karlrichard
patitommy
richardbill
tommycarla
franktom
monabill
monamarian
stanleyxavier
richardcharles
tommydana
xavierhans
arnoldwendy
carlstanley
danabill
franzfrank
jackjack
jackwilliam
jeffstanley
johnmary
karlrich
karlwilliam
monatommy
suejack
tommystan
violetdeanna
xaviertommy
deannabea
frankdana
annerick
richardbea
rickrichard
suecharles
tommarian
violetstanley
annecharles
arnoldxavier
billanne
bobtommy
carlatom
carlcharles
charlesmona
charlesrick
charlessue
deannaarnold
dickanne
dicksue
edbill
edkarl
frankcarla
frankdavid
franzharry
garymary
jackbob
jeffxavier
karldeanna
monicahans
monicamark
monicamary
paticarl
patriciaarnold
patriciamona
patriciastan
richwendy
rickviolet
stancharles
stanmark
suestanley
tommypatricia
tomsue
violetwendy
xaviermark
billwendy
edmona
marianmark
charlesharry
arnoldcarl
charlesjack
dickfrank
franzcarl
jackgary
karljose
maryhans
monicarichard
peterluann
richmonica
xaviered
bobjeff
dickmarian
richwilliam
stanleymona
