jackluann
monicapatricia
monicabob
monicabea
luannviolet
annesue
davidpatricia
josemark
monamary
eded
richardxavier
edanne
beajohn
davidgary
monabill
karled
xavierstan
garyed
bobjose
deannarich
richardcarla
xaviercarla
garymonica
hansgary
danafrank
danacharles
hanstom
hansjohn
annearnold
danadick
franztommy
williammary
danaanne
harrysue
tombob
karldavid
petermarian
carlaxavier
garyxavier
violetmark
luannsue
joserichard
patifranz
carladana
monasue
billkarl
dickcarl
garymarian
bobrichard
wendyharry
karlrich
beacharles
karlxavier
jeffmona
tommyjeff
danajeff
violetsue
danatom
johnrichard
charlescarl
karlsue
patijose
violetcarla
wendywilliam
richfrank
johnharry
ricktom
patriciaviolet
jefftom
hansanne
tommypatricia
williamrichard
wendycharles
beatommy
monicatommy
tommyjose
dickkarl
luannstanley
tommary
marymary
dickjohn
karlarnold
johnbill
patistan
stanleydana
danacarl
bobbea
richfranz
josearnold
luanntommy
tommyharry
stancarl
arnoldxavier
tombill
charlesxavier
stanleypeter
richardpati
garyjeff
carlacarl
wendybob
carladavid
davidtom
mariancharles
markpati
edrich
charlesfrank
tomtom
peterdavid
edfrank
carlbill
frankpati
monacarl
violettommy
tommyrichard
mariandavid
jackdavid
luanncarl
richtom
marianviolet
monarich
carlajeff
luannpeter
davidkarl
jeffdeanna
tomcharles
tommyhans
arnoldmary
wendyrichard
carlahans
carlfranz
charlesdana
eddana
tommydana
stanleypati
patiarnold
violetjack
davidsue
tomtommy
franzjohn
monicajohn
frankwendy
rickjack
tommytom
maryharry
franzmarian
carlafrank
stanleysue
bobluann
richtommy
johnjohn
charlesarnold
stantom
suegary
harrypeter
charleswilliam
karljeff
tomwilliam
xaviermarian
carlarichard
annebea
arnoldrichard
beaed
billwilliam
bobmark
carlapeter
carldeanna
deannafrank
dickstanley
dicktom
edfranz
franzfranz
garywendy
harrykarl
jeffpati
johncharles
johnpati
josemona
karlmark
markjeff
monamonica
monicastan
richcarla
rickcharles
stanjack
stanwilliam
tommybob
tommystan
violetxavier
annepeter
monaanne
carlaanne
patisue
frankmonica
josewilliam
mariansue
beamary
wendywendy
carlarnold
arnoldtom
monarichard
josejeff
annemonica
jackpeter
karlstan
josedavid
stanleyxavier
stanbob
carljeff
sueluann
peterstanley
markhans
monicasue
patriciajeff
frankkarl
davidrichard
tommona
annebill
frankluann
peterkarl
monawendy
garyfranz
patriciajose
richdavid
richstan
carlmonica
dickmark
monicaxavier
johnrick
josejohn
patriciastanley
carltommy
patixavier
marianhans
frankmary
pativiolet
charleswendy
deannaharry
davidstanley
tommyjack
josebob
tommarian
peterxavier
violethans
patihans
patibob
violetrichard
rickharry
stanrick
luannpatricia
garypeter
johnjack
deannadeanna
patimona
johnsue
richharry
richmary
patriciajack
markdeanna
danatommy
wendystan
frankhans
patipati
jackbea
arnolddavid
jackrick
richviolet
arnoldarnold
rickrich
josejose
charleshans
tomkarl
edbob
xavierdavid
billgary
luannwendy
richanne
markmark
monaharry
xavierrichard
stanwendy
beabill
beajose
franked
billdick
annepati
williamrick
stanleymark
edstan
carlagary
marianwendy
jeffarnold
patriciaanne
patriciabea
beapati
bobdana
marianpatricia
stanleymarian
annewendy
marytom
beaanne
beastan
billluann
carlaviolet
deannajeff
franzjose
luannrick
monaviolet
tomrich
suestan
franztom
wendyjeff
arnoldmonica
carlabea
karlrick
billcharles
xavierdana
patriciatom
jeffmonica
suewilliam
williamsue
charlesrich
stanjose
carlacharles
arnoldstan
monicatom
billjose
marianpeter
billrichard
patiharry
charlespeter
staned
danamonica
patistanley
hansed
edjose
danasue
arnoldtommy
patidavid
daviddick
rickpatricia
williambill
tommymark
jeffanne
monicadana
tommyfrank
carlrick
charlesjeff
rickdavid
hansdick
harrystan
bobviolet
williammonica
monicaed
josehans
monicafrank
violetdavid
petertom
beabea
billharry
josecharles
harrybob
stanharry
arnoldpatricia
franzcharles
jeffluann
monicawilliam
franksue
stanjohn
monapati
dickstan
garyarnold
arnoldjohn
stanleyjeff
violetdeanna
paticharles
williambea
richdick
annekarl
charlesjose
tommymarian
hansmary
dickpatricia
harrydeanna
josewendy
maryrichard
patriciadick
richardviolet
beawendy
johngary
suefrank
stanjeff
daviddavid
rickwilliam
williamkarl
marianbea
patiluann
williamstanley
rickmark
marysue
wendydana
johnluann
jackfranz
patimarian
maryed
monicarich
johnhans
stanleyjose
danawilliam
beahans
marybob
johnmarian
johndick
suemary
carlrichard
danapeter
bobanne
frankjose
hansbea
jeffsue
violetstan
xavierbea
carlbob
wendyarnold
jeffmark
danaluann
arnoldanne
davidmonica
richwilliam
xaviertommy
deannaluann
stanxavier
karlluann
bobgary
richardwilliam
violetanne
arnoldbea
suemark
richardmona
suesue
harryrich
karldeanna
richarddeanna
marianbob
stanleytommy
monicamark
peterstan
xavierstanley
stanrich
patiwendy
marygary
mariancarl
rickcarla
rickhans
stanleybea
jackmark
stanleykarl
arnoldmona
richardcharles
wendymarian
jeffwilliam
xavierjohn
violetcharles
edsue
patriciamona
carlastan
davidhans
stanleyrich
anneviolet
monajohn
monicastanley
wendytommy
johnmona
violetmarian
markharry
luannkarl
marianfranz
carlpati
beaviolet
charlessue
xavierdick
charlescharles
markcharles
violetgary
franzjeff
davidjose
maryrick
tomviolet
annerich
harryharry
karlpati
garywilliam
tompeter
karlbill
edwilliam
harrystanley
josefranz
monadavid
luannmonica
rickmonica
peterjack
franzstan
danajose
williamjeff
monarick
marianxavier
petercharles
charlesstanley
edviolet
harrycharles
danaharry
deannadavid
stanleyhans
jeffbob
harryviolet
jeffmary
josebill
patijeff
annecarla
bobmonica
charlesfranz
danastan
davidtommy
frankfranz
frankmarian
garydana
hansjeff
johnfranz
joseharry
josexavier
markwilliam
richbea
richmarian
violetbea
williamdeanna
jacktommy
eddick
hansstan
garypati
markdavid
xaviered
davidmary
garyanne
stangary
jackjeff
franzhans
edrichard
stanleygary
tommyrich
danakarl
edkarl
tomwendy
frankxavier
tommyviolet
deannaanne
marianmonica
carlakarl
patriciabob
bobxavier
carlluann
charlesrichard
danacarla
marianfrank
carlaluann
dicked
johndavid
violetharry
markpatricia
davidanne
monicaarnold
violetdick
suewendy
suemarian
stanleymona
hansdavid
johnpatricia
markrich
karlwendy
tommyrick
jefffranz
charlesmona
monicamona
wendypatricia
richarddavid
billbea
monajeff
richbob
annexavier
frankdavid
annecarl
suecarl
richjohn
frankdick
carltom
marianjack
bobstanley
jeffjeff
franzfrank
williamfrank
richardrick
deannapati
josedeanna
marianbill
carlstan
frankfrank
xavierbob
patriciacharles
marybill
wendycarl
dickxavier
frankjeff
franktommy
bobed
richardarnold
frankjack
davidarnold
frankharry
josedick
josemary
monafranz
patriciarichard
richrich
stanleyanne
violetdana
suearnold
billarnold
markdana
edmona
patriciamarian
stansue
dickarnold
edpatricia
rickjose
danapati
monajose
hansmonica
richluann
anneed
garyrick
xavierrick
richstanley
franktom
tomluann
billanne
billstan
suefranz
charlesstan
danapatricia
markrichard
suebill
tomdavid
williamviolet
jeffcarl
jeffbill
harryed
wendyrick
stanleywilliam
dickrich
charlesdavid
danadeanna
franzviolet
violetmary
marianarnold
edtommy
edstanley
bobcarla
monacharles
franzgary
richpati
johnmonica
dickcarla
williamrich
bobcharles
annewilliam
sueharry
edcharles
garycarla
patimary
danastanley
marydavid
peterbea
richrichard
patianne
richardfrank
billrick
billdana
peterwilliam
edmark
carldana
frankpeter
mariandeanna
stanleycarla
xavierfranz
dickpeter
arnoldwilliam
garyhans
harrymary
xavierwendy
richardkarl
williamarnold
harrymarian
harrytom
xavierpeter
charlesharry
carlarick
carlpatricia
richardrichard
tomfrank
garyviolet
beaharry
beapeter
violettom
danaarnold
luannarnold
patriciatommy
garydavid
carlamonica
carlabill
edarnold
beamarian
harryrichard
franzmark
hansbob
deannadana
suecharles
markbea
williamjohn
arnoldrick
charlesanne
luannjose
harryrick
luannhans
maryjack
peteranne
peterharry
patipatricia
karlharry
arnoldwendy
patriciaharry
karljack
luannbea
wendyjohn
luannwilliam
frankviolet
monicamarian
beadana
violetfrank
xavierjose
wendyhans
franzbill
violetpeter
richardrich
tomarnold
annecharles
richardhans
markmonica
deannamonica
edbill
monicarick
josecarl
josedana
tommystanley
charlesbob
marytommy
frankdeanna
danaviolet
stanmary
hanswendy
deannawendy
stanmona
garyharry
luanncharles
marydick
carlfrank
carladick
deannastan
franzpati
danarick
carlkarl
wendycarla
beasue
bobpati
rickjohn
suehans
wendyfrank
deannajose
carljohn
johncarl
ricked
xavierrich
patifrank
billcarla
harryarnold
charlestom
karlcharles
maryluann
suedick
patimonica
frankbob
tommybill
franzrick
carlacarla
billmary
garybea
tommycarl
patriciamonica
xaviermark
patitom
hansarnold
bobwendy
tomxavier
davidbill
wendyfranz
wendyxavier
patriciawendy
beagary
carlamona
bobjeff
monacarla
joseed
xavierluann
danamona
johndana
edmonica
tommydeanna
stanleyrichard
peterrich
annemary
violetfranz
maryjohn
edmary
xavierxavier
monatom
arnoldfrank
beajeff
bobtom
dickdana
dickfrank
dickmary
edharry
franzarnold
franzmonica
garyrich
hansfrank
harryjeff
jackstan
jacktom
jeffviolet
karlgary
luannjeff
luannmona
markpeter
markviolet
maryjeff
monawilliam
monicacarl
monicacarla
patriciadana
patriciarick
patriciaxavier
rickcarl
rickjeff
stanmark
stanstanley
violetmona
tomfranz
davidviolet
jackfrank
mariankarl
williamdavid
garytom
karlwilliam
carlajohn
davidharry
stanleyarnold
frankmark
garydick
wendyjose
carlaed
beabob
luannluann
dickrichard
petermona
garystanley
charlesrick
marksue
stanpeter
williamhans
richardbill
peterarnold
harrydana
davidjack
tommypeter
annedana
davidcarla
tommymary
johnanne
rickxavier
carlxavier
jackcarla
annetom
tomhans
franzluann
billcarl
karlanne
monicajack
monaed
carljose
xavierjack
richsue
harrymonica
frankstan
xavierjeff
monabob
edtom
richarddana
richardfranz
peterbill
carldick
deannatom
tomrick
carlajose
danadavid
dickbea
williamdana
patriciafranz
arnoldcarl
deannadick
xavierpati
marypati
jeffstanley
carlaharry
williampeter
carlanne
beamona
jeffrichard
josetommy
markxavier
stanleydeanna
richarnold
markluann
markmona
deannajohn
violetcarl
billed
johncarla
josefrank
bobmona
johnfrank
wendyviolet
stananne
carlamarian
deannacarla
johnpeter
suekarl
patikarl
karlbob
rickstan
garymary
davidbea
richardtom
petercarl
dickdavid
arnoldrich
charlespatricia
charlesviolet
davidpeter
garyfrank
maryarnold
maryrich
davidwilliam
stanleyluann
patidick
williamcarla
rickarnold
hansxavier
frankdana
frankrichard
franzrich
markcarl
karlcarl
peterluann
billtom
annestan
franzed
tomharry
charlesjack
beafranz
deannapatricia
karlfranz
danagary
carladeanna
garypatricia
luanned
charlesgary
marycarla
violeted
hansmark
edluann
monatommy
franzmona
