beamonica
bobmarian
harrytom
annecarla
annefranz
carlaharry
franzmary
hansmary
luanndeanna
rickdavid
rickxavier
tomfranz
williamharry
deannacarl
richfrank
richmark
hansrichard
markcarl
annewendy
arnoldjohn
billjohn
billkarl
billtom
bobfranz
bobrichard
carlaed
carlpati
danacarl
davidkarl
davidtommy
deannastan
edcarla
edwendy
franktom
franzpeter
garydana
garyjack
hansed
hanshans
harryed
johnhans
johnstanley
luannfrank
marianwendy
marypeter
marywendy
monadeanna
monaxavier
monicadavid
patriciabill
patriciafrank
richbea
richjeff
richrichard
stanbill
stanleycharles
stanleywendy
tommymona
tomstan
tomstanley
violetcarl
violetstanley
williamkarl
xavierdavid
tomluann
charlesviolet
davidrichard
hansjeff
karlfranz
sueanne
williamdick
annemona
carlaarnold
carldeanna
garyrick
hansdavid
harryjohn
karljeff
suekarl
violetwendy
williamcarl
stanviolet
carlapeter
richstanley
williamluann
billmonica
davidcarla
deannarichard
dicktommy
edxavier
garygary
jeffed
monadana
richtom
williamxavier
billpatricia
markjose
markpati
suexavier
tomkarl
davidjose
rickjohn
tommymonica
annebob
annejohn
annemark
annepati
annerick
arnoldbea
arnoldcarla
arnoldrich
arnoldsue
beacarla
beacharles
beadeanna
beapatricia
billbob
billjeff
billtommy
billwilliam
bobbob
bobrich
bobrick
bobstanley
bobtom
bobtommy
carlarnold
carlbob
carlmona
carlpatricia
charlesbill
charlespatricia
danabea
danafrank
davidfranz
deannajack
deannaluann
dickgary
dickwendy
dickwilliam
edviolet
frankcharles
frankdana
frankgary
frankharry
garycarla
garydeanna
garyfranz
garyharry
hanspatricia
hanstom
harryjeff
jackxavier
jeffdick
jeffhans
johnpati
johnxavier
joserich
karltom
luannarnold
luannharry
luannkarl
luannmona
luannviolet
marianbill
marianbob
mariandana
mariantommy
markrick
maryfrank
maryfranz
maryjack
marysue
monabill
monarichard
monatom
monicabea
monicajohn
monicamark
monicapeter
monicastan
monicastanley
patigary
patijack
patijose
patirick
patisue
patriciafranz
patriciahans
patriciaharry
patriciamarian
peteranne
peterarnold
peterbob
peterrich
peterstanley
petertom
peterxavier
richardbill
richardbob
richardpatricia
richardstanley
richdick
richluann
richsue
richxavier
rickarnold
stanleyfranz
suefranz
sueluann
suepeter
suesue
tomdavid
tomgary
tommyhans
tommyrich
tommywendy
violetanne
violetbob
violetdeanna
violetpatricia
wendypati
wendypeter
xavierjack
luannxavier
johndick
monicatommy
richardrichard
billluann
dickanne
dickpati
edanne
harrywendy
jackbea
johndeanna
mariancharles
marianxavier
markjeff
monicarichard
patriciaviolet
peterdeanna
rickkarl
billanne
davidarnold
richwendy
annetom
josecarl
marystan
annebea
arnoldcharles
edjohn
frankjose
jeffxavier
luannbob
marystanley
richardcharles
richardkarl
tommywilliam
arnoldtom
josecarla
richarddick
billcharles
hansharry
karlstan
suearnold
williamwilliam
beastanley
billed
carlapati
carljose
carltom
charlesfrank
charlesxavier
dicked
eddeanna
franzstan
hansdeanna
harrybea
harrygary
jackbill
jackpatricia
jeffmary
josejeff
luanndavid
luannstan
mariancarla
maryjohn
monicadeanna
patistan
peterbea
richdeanna
rickluann
suejeff
tommonica
tommyjeff
tompati
wendyarnold
wendybob
wendyrick
williamgary
carlafranz
karlwilliam
markdavid
annewilliam
garyed
josewilliam
karlsue
marybea
marydeanna
patiwendy
rickbea
stanleydeanna
sueharry
wendymarian
wendystanley
williammonica
frankanne
stanleygary
arnoldmarian
danaxavier
frankviolet
jeffjohn
anneed
charlescharles
danacarla
danastan
davidrich
deannahans
deannapatricia
hansanne
harryrichard
jackstanley
jeffwendy
joseanne
josemary
karlanne
markmarian
marksue
monicafrank
garykarl
violetluann
wendycharles
wendyjohn
wendysue
annejack
garydavid
garytom
hanspati
violethans
anneharry
beaarnold
billstanley
billviolet
charlesbob
charlesdana
danamary
deannamonica
deannarick
dickdavid
dickdick
franzluann
hansjose
harryarnold
jackrichard
jeffjack
johnmary
karlmarian
luannanne
luannbea
markanne
markgary
markhans
monasue
monicamarian
paticarl
pativiolet
richardrick
richardtom
richhans
ricksue
stanleyharry
stanleyjose
tommydick
violetharry
wendytommy
wendyxavier
xavierdick
richardarnold
charlespeter
jackpeter
patifranz
annecarl
arnoldwilliam
beajohn
bobcarl
carlafrank
carlbea
carlrichard
edmary
frankhans
johnpeter
karled
luanntom
mariancarl
marianed
monarick
staned
violetpeter
wendykarl
dickrich
hanscarl
tommary
bobgary
franzfranz
stanleymark
xavierfrank
annejose
carlacarla
deannatommy
frankjohn
harrycarla
monicarich
patriciajose
richdana
stanjack
suetommy
violetjack
williamdavid
arnoldhans
jackmark
markrich
marymona
bobed
joseluann
annestan
arnoldpatricia
arnoldxavier
beagary
bearich
beastan
beatom
billbill
bobsue
bobxavier
carlamark
carlapatricia
carlarich
carlarick
carlharry
carlluann
charlescarl
charlesmona
charlesrich
charlessue
danajohn
danamona
danarick
danatom
davided
deannabob
deannaxavier
dickmarian
dickmark
dickmonica
edbob
edcharles
eddavid
edmonica
edtom
frankdeanna
frankjack
frankstanley
franzanne
franzpati
garydick
garyfrank
garymona
garypeter
hansfranz
hansmona
hansmonica
harryjose
harrymarian
harrymark
harryrich
jackarnold
jackjeff
jeffbea
jeffwilliam
johnbob
johndavid
josebea
josebob
josewendy
karlbea
karlfrank
karlwendy
luanncharles
luannmonica
luannwendy
marianharry
marianjack
marianmark
marianrich
markjack
marycarla
maryhans
maryluann
marymonica
marypati
monabea
monacharles
monajeff
monapati
monicacarla
monicadick
monicajeff
monicamonica
patidavid
patiwilliam
patriciadick
patriciastan
petercarl
peterhans
peterviolet
peterwendy
richarddeanna
richardfrank
richardstan
richarnold
rickcarl
rickcharles
rickdick
rickgary
rickhans
rickmark
rickrich
stancarla
stanleymonica
stanleyrichard
stanmary
stantom
suewilliam
tomcarl
tomcarla
tomdana
tommybea
tommyfranz
tommystanley
tomrichard
tomwendy
violetarnold
violetmonica
violetxavier
wendycarla
wendydeanna
wendyharry
wendyjose
williammark
xaviercarla
xavierdana
jackdana
karlcarl
stanluann
jackgary
jeffdana
arnoldarnold
arnoldpeter
billcarl
billfrank
carlmark
davidjeff
hansmarian
harryhans
luannjeff
mariandavid
carlbill
karldeanna
williamsue
xaviersue
bobpati
franktommy
garycharles
richbill
arnoldrichard
beacarl
carlastan
jeffmonica
jefftom
marydana
monamark
stanleypeter
suejose
tombob
tommymark
violetjose
violetrick
williamcharles
annesue
carljohn
patipeter
arnoldjack
jacksue
josemona
annehans
bobcharles
bobjose
carlfranz
danamarian
davidbob
davidhans
davidwendy
dickharry
dickmary
dickviolet
eddana
edjack
edrich
edrichard
frankmary
hanscharles
hanspeter
harrycarl
jeffrich
josejohn
karljohn
karlluann
luanncarla
luannjose
luannmarian
luannpatricia
marianmona
markrichard
markwilliam
maryharry
monicajose
patirichard
petergary
petermary
petermona
richardgary
richjohn
richrick
stanleyfrank
stanleymona
stanleypati
tomjeff
tommykarl
tomrich
williamstan
xavieranne
arnoldmona
carlarichard
patibob
xavierviolet
arnoldjose
deannadeanna
harryluann
jackmary
jeffviolet
josexavier
karlviolet
richardjack
tommypati
beajose
beapati
suestan
edjeff
jackpati
tommona
beafrank
bobdeanna
davidwilliam
dicktom
marianstanley
markpatricia
patimary
xaviermary
billxavier
jackbob
monicaxavier
wendyed
annerich
bobviolet
carlajose
carlaxavier
carltommy
davidtom
deannamarian
dickdeanna
edarnold
frankkarl
garymonica
garywilliam
harrypeter
jeffkarl
jeffpati
karlkarl
markstan
marymary
maryviolet
monamarian
patricialuann
patriciawendy
petermarian
richardbea
richbob
richmona
stanleyjeff
suemonica
tomhans
tommypeter
violetfrank
violetmary
williamcarla
williamdana
danadick
dickjohn
tommytommy
jacked
karlcarla
marianhans
stanleyhans
williamtommy
billpeter
bobmona
franzxavier
jackmonica
jeffdavid
josebill
josejack
monabob
patriciaxavier
suerick
karlrich
marianjose
patipatricia
xavierpatricia
arnolddeanna
tommymary
dickcarl
mariananne
markdana
markmark
maryjose
stanmona
stanrick
tomanne
wendycarl
beafranz
garyjeff
johnluann
richardpati
stancharles
tommydavid
annerichard
anneviolet
arnoldmonica
arnoldstanley
arnoldtommy
beabob
beamarian
beawendy
billfranz
billgary
billrick
billstan
bobbea
bobwilliam
carladeanna
carlajeff
carlaluann
carlaviolet
carldana
carlmarian
charlesdavid
danaarnold
danabob
danarichard
danaviolet
daviddana
davidrick
davidviolet
deannacharles
deannadick
deannaed
deannasue
dickpatricia
dickpeter
edbea
edbill
edluann
edmarian
edpeter
edstanley
edtommy
frankfrank
frankmarian
frankrichard
frankrick
frankxavier
franzbea
franzdick
franzharry
franzjack
franzjose
franzmonica
franzrichard
franzwendy
garyrichard
garyxavier
hansjohn
hansmark
hansstan
hansstanley
hansxavier
harrycharles
harrydeanna
harrykarl
harrypati
harrystanley
harrysue
jackcharles
jackjose
jackmona
jackstan
jefffranz
johngary
johnwilliam
josecharles
josedick
joseviolet
karlhans
luanncarl
luannluann
marianarnold
marianpatricia
marycarl
marykarl
marytommy
monajose
monicaluann
monicapatricia
patixavier
patriciaarnold
patriciadavid
patriciapati
petercharles
peterharry
peterjohn
richardanne
richardcarla
richarddavid
richardjose
richardmonica
richardtommy
richardwendy
richcarla
riched
richjose
richkarl
richtommy
rickmarian
rickstan
stanbob
stanleyarnold
stanleypatricia
stanrichard
stanstan
suefrank
suemona
tombea
tombill
tommarian
tommyluann
violetjohn
violetrichard
wendybill
wendydavid
wendystan
wendytom
williamarnold
williambob
williamfranz
williamjohn
williammarian
williampatricia
xavierarnold
xavierjohn
hansviolet
jackdick
monapatricia
beaviolet
danatommy
davidluann
edgary
franksue
hanscarla
jeffcharles
jeffsue
karlbob
luannmary
monicatom
patriciamary
peterfranz
stanleyluann
tomviolet
violetcarla
wendyhans
carlsue
jeffcarl
tommyjose
carlahans
carlcarla
garybill
karlharry
mariantom
rickcarla
suecharles
carladavid
carlamonica
carlwendy
deannamona
dickbea
jackkarl
jeffdeanna
josestanley
monicamona
tomed
tommydeanna
wendyluann
dickfranz
jeffgary
petersue
richfranz
xavierstanley
annefrank
beabill
frankmark
tomharry
wendyviolet
beaanne
beaed
beahans
beakarl
bobpatricia
carled
charlesjeff
daviddick
davidmona
deannagary
eddick
franzbob
franzmarian
garymarian
garystanley
hansdick
hansrick
harrydavid
jeffstan
johnanne
karlmona
markdick
markmonica
markwendy
maryarnold
monafranz
monamary
patimarian
patimona
peterjack
peterjose
richardsue
richdavid
rickfranz
rickpatricia
ricktommy
stananne
stanleydick
stanleyed
suecarl
suedeanna
deannawilliam
xaviermona
luanngary
petermonica
peterpatricia
bobjohn
danadavid
frankpati
jackdavid
johnwendy
luanndick
richardharry
stankarl
stanleyjohn
stanleykarl
tomtommy
wendybea
williamed
