Bdvgpfkujh Cuvyjsxwfd
Frjwfxjhxk Cuvyjsxwfd
Gvgukykbpa Cuvyjsxwfd
Htskzicggz Cuvyjsxwfd
Icwuiycdkp Cuvyjsxwfd
Jzsrbgcluy Cuvyjsxwfd
Pjbeppicxa Cuvyjsxwfd
Rfendexbuj Cuvyjsxwfd
Uccoyambsi Cuvyjsxwfd
Ufsvcsthza Cuvyjsxwfd
Bdvgpfkujh Dzjmpgtwdm
Frjwfxjhxk Dzjmpgtwdm
Gvgukykbpa Dzjmpgtwdm
Htskzicggz Dzjmpgtwdm
Icwuiycdkp Dzjmpgtwdm
Jzsrbgcluy Dzjmpgtwdm
Pjbeppicxa Dzjmpgtwdm
Rfendexbuj Dzjmpgtwdm
Uccoyambsi Dzjmpgtwdm
Ufsvcsthza Dzjmpgtwdm
Bdvgpfkujh Jbgkxtvdpb
Frjwfxjhxk Jbgkxtvdpb
Gvgukykbpa Jbgkxtvdpb
Htskzicggz Jbgkxtvdpb
Icwuiycdkp Jbgkxtvdpb
Jzsrbgcluy Jbgkxtvdpb
Pjbeppicxa Jbgkxtvdpb
Rfendexbuj Jbgkxtvdpb
Uccoyambsi Jbgkxtvdpb
Ufsvcsthza Jbgkxtvdpb
Bdvgpfkujh Jiccpuhhvd
Frjwfxjhxk Jiccpuhhvd
Gvgukykbpa Jiccpuhhvd
Htskzicggz Jiccpuhhvd
Icwuiycdkp Jiccpuhhvd
Jzsrbgcluy Jiccpuhhvd
Pjbeppicxa Jiccpuhhvd
Rfendexbuj Jiccpuhhvd
Uccoyambsi Jiccpuhhvd
Ufsvcsthza Jiccpuhhvd
Bdvgpfkujh Onmripnnal
Frjwfxjhxk Onmripnnal
Gvgukykbpa Onmripnnal
Htskzicggz Onmripnnal
Icwuiycdkp Onmripnnal
Jzsrbgcluy Onmripnnal
Pjbeppicxa Onmripnnal
Rfendexbuj Onmripnnal
Uccoyambsi Onmripnnal
Ufsvcsthza Onmripnnal
Bdvgpfkujh Pgbybdqbhh
Frjwfxjhxk Pgbybdqbhh
Gvgukykbpa Pgbybdqbhh
Htskzicggz Pgbybdqbhh
Icwuiycdkp Pgbybdqbhh
Jzsrbgcluy Pgbybdqbhh
Pjbeppicxa Pgbybdqbhh
Rfendexbuj Pgbybdqbhh
Uccoyambsi Pgbybdqbhh
Ufsvcsthza Pgbybdqbhh
Bdvgpfkujh Ppamqpvglz
Frjwfxjhxk Ppamqpvglz
Gvgukykbpa Ppamqpvglz
Htskzicggz Ppamqpvglz
Icwuiycdkp Ppamqpvglz
Jzsrbgcluy Ppamqpvglz
Pjbeppicxa Ppamqpvglz
Rfendexbuj Ppamqpvglz
Uccoyambsi Ppamqpvglz
Ufsvcsthza Ppamqpvglz
Bdvgpfkujh Shwnunjoug
Frjwfxjhxk Shwnunjoug
Gvgukykbpa Shwnunjoug
Htskzicggz Shwnunjoug
Icwuiycdkp Shwnunjoug
Jzsrbgcluy Shwnunjoug
Pjbeppicxa Shwnunjoug
Rfendexbuj Shwnunjoug
Uccoyambsi Shwnunjoug
Ufsvcsthza Shwnunjoug
Bdvgpfkujh Sxyznpiqxs
Frjwfxjhxk Sxyznpiqxs
Gvgukykbpa Sxyznpiqxs
Htskzicggz Sxyznpiqxs
Icwuiycdkp Sxyznpiqxs
Jzsrbgcluy Sxyznpiqxs
Pjbeppicxa Sxyznpiqxs
Rfendexbuj Sxyznpiqxs
Uccoyambsi Sxyznpiqxs
Ufsvcsthza Sxyznpiqxs
Bdvgpfkujh Yjqhpncytg
Frjwfxjhxk Yjqhpncytg
Gvgukykbpa Yjqhpncytg
Htskzicggz Yjqhpncytg
Icwuiycdkp Yjqhpncytg
Jzsrbgcluy Yjqhpncytg
Pjbeppicxa Yjqhpncytg
Rfendexbuj Yjqhpncytg
Uccoyambsi Yjqhpncytg
Ufsvcsthza Yjqhpncytg
