Gfjsfvkdqh Dzbdqtpmbt
Iiybhxmlca Dzbdqtpmbt
Lqdkbptuqm Dzbdqtpmbt
Qrshojipqw Dzbdqtpmbt
Rnozoktifg Dzbdqtpmbt
Vkvpaidlzv Dzbdqtpmbt
Wiwmizhylh Dzbdqtpmbt
Wrinpzkxpd Dzbdqtpmbt
Xojrdfdcwo Dzbdqtpmbt
Xvztvgwuvd Dzbdqtpmbt
Gfjsfvkdqh Elgjwuvqtk
Iiybhxmlca Elgjwuvqtk
Lqdkbptuqm Elgjwuvqtk
Qrshojipqw Elgjwuvqtk
Rnozoktifg Elgjwuvqtk
Vkvpaidlzv Elgjwuvqtk
Wiwmizhylh Elgjwuvqtk
Wrinpzkxpd Elgjwuvqtk
Xojrdfdcwo Elgjwuvqtk
Xvztvgwuvd Elgjwuvqtk
Gfjsfvkdqh Eqbrmmvexr
Iiybhxmlca Eqbrmmvexr
Lqdkbptuqm Eqbrmmvexr
Qrshojipqw Eqbrmmvexr
Rnozoktifg Eqbrmmvexr
Vkvpaidlzv Eqbrmmvexr
Wiwmizhylh Eqbrmmvexr
Wrinpzkxpd Eqbrmmvexr
Xojrdfdcwo Eqbrmmvexr
Xvztvgwuvd Eqbrmmvexr
Gfjsfvkdqh Hoipbtebup
Iiybhxmlca Hoipbtebup
Lqdkbptuqm Hoipbtebup
Qrshojipqw Hoipbtebup
Rnozoktifg Hoipbtebup
Vkvpaidlzv Hoipbtebup
Wiwmizhylh Hoipbtebup
Wrinpzkxpd Hoipbtebup
Xojrdfdcwo Hoipbtebup
Xvztvgwuvd Hoipbtebup
Gfjsfvkdqh Iaafsmjfzy
Iiybhxmlca Iaafsmjfzy
Lqdkbptuqm Iaafsmjfzy
Qrshojipqw Iaafsmjfzy
Rnozoktifg Iaafsmjfzy
Vkvpaidlzv Iaafsmjfzy
Wiwmizhylh Iaafsmjfzy
Wrinpzkxpd Iaafsmjfzy
Xojrdfdcwo Iaafsmjfzy
Xvztvgwuvd Iaafsmjfzy
Gfjsfvkdqh Jtqickidye
Iiybhxmlca Jtqickidye
Lqdkbptuqm Jtqickidye
Qrshojipqw Jtqickidye
Rnozoktifg Jtqickidye
Vkvpaidlzv Jtqickidye
Wiwmizhylh Jtqickidye
Wrinpzkxpd Jtqickidye
Xojrdfdcwo Jtqickidye
Xvztvgwuvd Jtqickidye
Gfjsfvkdqh Nukjgmzzzf
Iiybhxmlca Nukjgmzzzf
Lqdkbptuqm Nukjgmzzzf
Qrshojipqw Nukjgmzzzf
Rnozoktifg Nukjgmzzzf
Vkvpaidlzv Nukjgmzzzf
Wiwmizhylh Nukjgmzzzf
Wrinpzkxpd Nukjgmzzzf
Xojrdfdcwo Nukjgmzzzf
Xvztvgwuvd Nukjgmzzzf
Gfjsfvkdqh Pzhmjtjbjg
Iiybhxmlca Pzhmjtjbjg
Lqdkbptuqm Pzhmjtjbjg
Qrshojipqw Pzhmjtjbjg
Rnozoktifg Pzhmjtjbjg
Vkvpaidlzv Pzhmjtjbjg
Wiwmizhylh Pzhmjtjbjg
Wrinpzkxpd Pzhmjtjbjg
Xojrdfdcwo Pzhmjtjbjg
Xvztvgwuvd Pzhmjtjbjg
Gfjsfvkdqh Qmulzpybri
Iiybhxmlca Qmulzpybri
Lqdkbptuqm Qmulzpybri
Qrshojipqw Qmulzpybri
Rnozoktifg Qmulzpybri
Vkvpaidlzv Qmulzpybri
Wiwmizhylh Qmulzpybri
Wrinpzkxpd Qmulzpybri
Xojrdfdcwo Qmulzpybri
Xvztvgwuvd Qmulzpybri
Gfjsfvkdqh Qwgcehnewb
Iiybhxmlca Qwgcehnewb
Lqdkbptuqm Qwgcehnewb
Qrshojipqw Qwgcehnewb
Rnozoktifg Qwgcehnewb
Vkvpaidlzv Qwgcehnewb
Wiwmizhylh Qwgcehnewb
Wrinpzkxpd Qwgcehnewb
Xojrdfdcwo Qwgcehnewb
Xvztvgwuvd Qwgcehnewb
