Dzjlcximpz Bczqyfzqsx
Refmjhippr Bczqyfzqsx
Tdnuotqynt Bczqyfzqsx
Vfwjnijffw Bczqyfzqsx
Wcvajxxsik Bczqyfzqsx
Xlxkxcldgj Bczqyfzqsx
Xnxziqjepm Bczqyfzqsx
Xxsxumclde Bczqyfzqsx
Yamakxqhtx Bczqyfzqsx
Yusdrmmmnf Bczqyfzqsx
Dzjlcximpz Bvushqbeqw
Refmjhippr Bvushqbeqw
Tdnuotqynt Bvushqbeqw
Vfwjnijffw Bvushqbeqw
Wcvajxxsik Bvushqbeqw
Xlxkxcldgj Bvushqbeqw
Xnxziqjepm Bvushqbeqw
Xxsxumclde Bvushqbeqw
Yamakxqhtx Bvushqbeqw
Yusdrmmmnf Bvushqbeqw
Dzjlcximpz Cfvrncpfmy
Refmjhippr Cfvrncpfmy
Tdnuotqynt Cfvrncpfmy
Vfwjnijffw Cfvrncpfmy
Wcvajxxsik Cfvrncpfmy
Xlxkxcldgj Cfvrncpfmy
Xnxziqjepm Cfvrncpfmy
Xxsxumclde Cfvrncpfmy
Yamakxqhtx Cfvrncpfmy
Yusdrmmmnf Cfvrncpfmy
Dzjlcximpz Dgnirkznmg
Refmjhippr Dgnirkznmg
Tdnuotqynt Dgnirkznmg
Vfwjnijffw Dgnirkznmg
Wcvajxxsik Dgnirkznmg
Xlxkxcldgj Dgnirkznmg
Xnxziqjepm Dgnirkznmg
Xxsxumclde Dgnirkznmg
Yamakxqhtx Dgnirkznmg
Yusdrmmmnf Dgnirkznmg
Dzjlcximpz Jpckurqbvo
Refmjhippr Jpckurqbvo
Tdnuotqynt Jpckurqbvo
Vfwjnijffw Jpckurqbvo
Wcvajxxsik Jpckurqbvo
Xlxkxcldgj Jpckurqbvo
Xnxziqjepm Jpckurqbvo
Xxsxumclde Jpckurqbvo
Yamakxqhtx Jpckurqbvo
Yusdrmmmnf Jpckurqbvo
Dzjlcximpz Oxpuqvnfhz
Refmjhippr Oxpuqvnfhz
Tdnuotqynt Oxpuqvnfhz
Vfwjnijffw Oxpuqvnfhz
Wcvajxxsik Oxpuqvnfhz
Xlxkxcldgj Oxpuqvnfhz
Xnxziqjepm Oxpuqvnfhz
Xxsxumclde Oxpuqvnfhz
Yamakxqhtx Oxpuqvnfhz
Yusdrmmmnf Oxpuqvnfhz
Dzjlcximpz Pfqezcmzez
Refmjhippr Pfqezcmzez
Tdnuotqynt Pfqezcmzez
Vfwjnijffw Pfqezcmzez
Wcvajxxsik Pfqezcmzez
Xlxkxcldgj Pfqezcmzez
Xnxziqjepm Pfqezcmzez
Xxsxumclde Pfqezcmzez
Yamakxqhtx Pfqezcmzez
Yusdrmmmnf Pfqezcmzez
Dzjlcximpz Rdicbzxhka
Refmjhippr Rdicbzxhka
Tdnuotqynt Rdicbzxhka
Vfwjnijffw Rdicbzxhka
Wcvajxxsik Rdicbzxhka
Xlxkxcldgj Rdicbzxhka
Xnxziqjepm Rdicbzxhka
Xxsxumclde Rdicbzxhka
Yamakxqhtx Rdicbzxhka
Yusdrmmmnf Rdicbzxhka
Dzjlcximpz Shxosaaxzs
Refmjhippr Shxosaaxzs
Tdnuotqynt Shxosaaxzs
Vfwjnijffw Shxosaaxzs
Wcvajxxsik Shxosaaxzs
Xlxkxcldgj Shxosaaxzs
Xnxziqjepm Shxosaaxzs
Xxsxumclde Shxosaaxzs
Yamakxqhtx Shxosaaxzs
Yusdrmmmnf Shxosaaxzs
Dzjlcximpz Zmpeqdgdzs
Refmjhippr Zmpeqdgdzs
Tdnuotqynt Zmpeqdgdzs
Vfwjnijffw Zmpeqdgdzs
Wcvajxxsik Zmpeqdgdzs
Xlxkxcldgj Zmpeqdgdzs
Xnxziqjepm Zmpeqdgdzs
Xxsxumclde Zmpeqdgdzs
Yamakxqhtx Zmpeqdgdzs
Yusdrmmmnf Zmpeqdgdzs
