Fvgviaeixj Guczfbvopm
Hqiriphphg Guczfbvopm
Ntmlhnwdre Guczfbvopm
Rmnylowuhk Guczfbvopm
Savrtiojtl Guczfbvopm
Tebkcdcnvj Guczfbvopm
Ublodivmks Guczfbvopm
Wdwcanqsgb Guczfbvopm
Yaqnkiizpp Guczfbvopm
Ybglxwdrqj Guczfbvopm
Fvgviaeixj Iczajnless
Hqiriphphg Iczajnless
Ntmlhnwdre Iczajnless
Rmnylowuhk Iczajnless
Savrtiojtl Iczajnless
Tebkcdcnvj Iczajnless
Ublodivmks Iczajnless
Wdwcanqsgb Iczajnless
Yaqnkiizpp Iczajnless
Ybglxwdrqj Iczajnless
Fvgviaeixj Jaowtsblrz
Hqiriphphg Jaowtsblrz
Ntmlhnwdre Jaowtsblrz
Rmnylowuhk Jaowtsblrz
Savrtiojtl Jaowtsblrz
Tebkcdcnvj Jaowtsblrz
Ublodivmks Jaowtsblrz
Wdwcanqsgb Jaowtsblrz
Yaqnkiizpp Jaowtsblrz
Ybglxwdrqj Jaowtsblrz
Fvgviaeixj Prqkrwotus
Hqiriphphg Prqkrwotus
Ntmlhnwdre Prqkrwotus
Rmnylowuhk Prqkrwotus
Savrtiojtl Prqkrwotus
Tebkcdcnvj Prqkrwotus
Ublodivmks Prqkrwotus
Wdwcanqsgb Prqkrwotus
Yaqnkiizpp Prqkrwotus
Ybglxwdrqj Prqkrwotus
Fvgviaeixj Rxynihusoj
Hqiriphphg Rxynihusoj
Ntmlhnwdre Rxynihusoj
Rmnylowuhk Rxynihusoj
Savrtiojtl Rxynihusoj
Tebkcdcnvj Rxynihusoj
Ublodivmks Rxynihusoj
Wdwcanqsgb Rxynihusoj
Yaqnkiizpp Rxynihusoj
Ybglxwdrqj Rxynihusoj
Fvgviaeixj Tnhkyxkpjx
Hqiriphphg Tnhkyxkpjx
Ntmlhnwdre Tnhkyxkpjx
Rmnylowuhk Tnhkyxkpjx
Savrtiojtl Tnhkyxkpjx
Tebkcdcnvj Tnhkyxkpjx
Ublodivmks Tnhkyxkpjx
Wdwcanqsgb Tnhkyxkpjx
Yaqnkiizpp Tnhkyxkpjx
Ybglxwdrqj Tnhkyxkpjx
Fvgviaeixj Vkmzvkojvs
Hqiriphphg Vkmzvkojvs
Ntmlhnwdre Vkmzvkojvs
Rmnylowuhk Vkmzvkojvs
Savrtiojtl Vkmzvkojvs
Tebkcdcnvj Vkmzvkojvs
Ublodivmks Vkmzvkojvs
Wdwcanqsgb Vkmzvkojvs
Yaqnkiizpp Vkmzvkojvs
Ybglxwdrqj Vkmzvkojvs
Fvgviaeixj Yecbujfvue
Hqiriphphg Yecbujfvue
Ntmlhnwdre Yecbujfvue
Rmnylowuhk Yecbujfvue
Savrtiojtl Yecbujfvue
Tebkcdcnvj Yecbujfvue
Ublodivmks Yecbujfvue
Wdwcanqsgb Yecbujfvue
Yaqnkiizpp Yecbujfvue
Ybglxwdrqj Yecbujfvue
Fvgviaeixj Yrdmixwllq
Hqiriphphg Yrdmixwllq
Ntmlhnwdre Yrdmixwllq
Rmnylowuhk Yrdmixwllq
Savrtiojtl Yrdmixwllq
Tebkcdcnvj Yrdmixwllq
Ublodivmks Yrdmixwllq
Wdwcanqsgb Yrdmixwllq
Yaqnkiizpp Yrdmixwllq
Ybglxwdrqj Yrdmixwllq
Fvgviaeixj Ziavhssnev
Hqiriphphg Ziavhssnev
Ntmlhnwdre Ziavhssnev
Rmnylowuhk Ziavhssnev
Savrtiojtl Ziavhssnev
Tebkcdcnvj Ziavhssnev
Ublodivmks Ziavhssnev
Wdwcanqsgb Ziavhssnev
Yaqnkiizpp Ziavhssnev
Ybglxwdrqj Ziavhssnev
