stanleypatricia
jackgary
petercharles
charlesmarian
deannaharry
garywilliam
harrydavid
xavierdick
rickmona
harryharry
davidsue
frankviolet
arnolddana
beastan
johnharry
charlesjack
monicakarl
patriciamary
patriciahans
dicked
maryxavier
tommyrichard
danafrank
garyjack
bobwilliam
davidjack
violetmona
josejack
harryrichard
stanjohn
garybob
garyhans
stantommy
suemark
marianhans
rickdeanna
karlcarla
joseanne
hanscarl
harrymark
karlsue
beamonica
karlfrank
patriciaxavier
daviddavid
monafrank
davidmary
franktom
tomcarl
carlacarla
charlesdeanna
charlesstanley
deannaviolet
jackcarla
stanfrank
tommyxavier
williampatricia
violetmark
monicastanley
monafranz
wendykarl
garymonica
stanleywilliam
franzcharles
carlkarl
beastanley
charlesbea
luannharry
xavierpeter
davidstan
richrich
harrytom
karlviolet
josemark
franzpeter
davidluann
patiwendy
monicarick
tomarnold
patriciabob
rickrich
charleswilliam
dickbill
luannmary
richcarl
marksue
monamary
rickdavid
xavierdeanna
danamonica
suedana
garymona
xavierjohn
edpati
jackstanley
josejeff
bobjose
dickwilliam
johnpati
carlawendy
richluann
deannamona
monajose
patriciaharry
patriciapatricia
danakarl
patixavier
carlmonica
johnmark
richardjohn
violetrich
bobarnold
hansstan
monicajeff
peterfranz
edanne
marianfrank
tomdana
monajohn
edstan
monacarla
jeffbob
wendybob
xavierjeff
monadana
xaviercarl
monicajohn
carlajack
bearich
carltommy
karlrich
stanleyrick
luannsue
petermark
stanleyrichard
karled
annefranz
arnoldanne
billpatricia
carlstan
charleshans
davidmarian
deannawendy
franzbill
garytom
hanshans
jackmarian
jackpeter
markrich
monicajose
patriciagary
richdavid
ricksue
stancharles
stanmark
sueharry
xavierarnold
xavierfranz
luannstanley
wendystan
peterstan
carlarick
harryfranz
carlaluann
williamviolet
franksue
violetwendy
deannadick
johncarla
johndick
richardkarl
billpati
carlrick
jeffstanley
richardcarl
monastan
tommydana
bobdana
mariankarl
charleskarl
garyfrank
edmary
carlmarian
deannapeter
richardfranz
violetfrank
monicajack
williamgary
monacharles
violetwilliam
markcarl
jeffmonica
charlescharles
monarichard
marycarla
hansdavid
davidwilliam
davidgary
jeffdeanna
harryhans
carlamona
charlesmona
violetcarl
arnoldmary
deannacarl
monicawendy
peterharry
carlbea
jackjack
josewilliam
stanleyfranz
hanspatricia
franzsue
wendyluann
frankjohn
annedana
charlesdana
carlafranz
edmarian
edcarla
rickmonica
monahans
dickbea
bobstanley
richardstan
billstanley
rickcarl
stanleyviolet
charlespati
bobstan
carlabea
suerich
josecarl
karldavid
bobmonica
deannawilliam
monamonica
arnolddavid
wendyjeff
beaxavier
monatom
edfranz
jeffgary
davidcarl
annerick
karljohn
carlcarl
williamjohn
richmark
franzanne
karlpati
karlmarian
xavierwilliam
richardsue
patimona
xavierbob
jeffbea
charlesjose
arnoldfranz
monicahans
charlestommy
edmona
frankfranz
franzcarla
josejohn
karldana
richviolet
stancarl
violetmarian
danapatricia
rickjack
edjohn
patipati
karlkarl
suesue
johnkarl
garygary
bobcarla
charlesmark
xavierjack
xavierxavier
monaanne
annejohn
suefranz
bobharry
patistanley
garyanne
dickmarian
mariandick
jeffarnold
arnoldwendy
deannaarnold
williamfranz
franzjose
carlmark
rickrichard
frankjack
arnoldstanley
annedeanna
jeffmary
dickviolet
richardrick
charlesjohn
markmary
anneed
davidmonica
marktom
danamona
tommymona
paticharles
jeffmona
joseharry
williambob
danamark
peterdick
garymary
xaviertom
jackbob
garystanley
davidhans
violetdavid
dickbob
dickpatricia
tommyharry
carlstanley
luannstan
monicasue
daviddick
frankstanley
franzpati
jeffviolet
anneluann
peterviolet
carlamark
suewilliam
beatommy
petermona
rickwilliam
frankrichard
beaed
tommysue
peterstanley
franztom
hansmarian
rickdick
patriciabill
stanwilliam
markrick
violetarnold
josemarian
markwendy
wendyjose
markfrank
tomcarla
richardcarla
markdick
arnoldluann
billmona
markstan
karlstanley
johnjose
stanleybea
jackhans
annemary
richcarla
marybea
jeffbill
hansfrank
davidkarl
johnjohn
dickdavid
hansmona
arnoldcharles
xavierfrank
jackarnold
marianrichard
karlmark
williammarian
beaanne
davidfrank
deannadeanna
jackwendy
karlwilliam
monicabob
stanleyarnold
williambill
carlarnold
frankbill
arnoldarnold
patitommy
frankbea
jefftommy
danapati
billrick
arnoldbob
johned
johnstan
sueviolet
carlbill
annepeter
williamdavid
annesue
garybill
edcarl
tomrichard
carlmona
franzkarl
peterfrank
suestanley
annemonica
josegary
johnbob
richardluann
richardbea
garyjeff
peterrick
stanleyjeff
maryviolet
anneanne
arnoldharry
harrycarl
tommytommy
xavierstanley
karldeanna
violettom
tomdeanna
harrydana
carljohn
johnanne
marktommy
wendyrick
josekarl
patijeff
davidmark
garyjose
karljose
xaviersue
johntom
suedick
dickanne
carlviolet
garyrichard
carljack
mariananne
patriciarichard
billkarl
harryrick
monarich
karlrick
tomdavid
danastanley
karlxavier
frankmary
jackpatricia
patipeter
garymark
maryanne
frankfrank
stanhans
marytommy
richardgary
frankpatricia
jeffanne
rickmark
marywendy
carled
charlesviolet
rickstanley
richarddick
stanleyjose
charlesstan
patied
bobluann
stanstanley
patirich
garydeanna
jackfrank
riched
harrycarla
danaluann
josebill
jackjeff
bobmarian
carlajohn
davided
franzxavier
johnluann
josedick
maryluann
monaarnold
monicarichard
stanmary
suejack
suemonica
violetjose
xavierrick
suemarian
suemona
mariancharles
frankdavid
arnoldsue
stanleystan
luannluann
monicacharles
harryjohn
peterjack
jefftom
tommyrich
richwendy
johnmarian
johnwilliam
tommybea
bobbob
patijohn
dickdick
danadeanna
josemonica
josexavier
xaviermary
harrycharles
garysue
sueluann
josebea
danarick
charleswendy
danabea
xaviermarian
mariancarl
johndeanna
johnrichard
wendyrich
beasue
violetstan
franzjohn
luannjack
dickcarla
arnoldrich
johnfrank
beapati
suejohn
hanspati
joseluann
dickmonica
arnoldfrank
monicadick
stanleybob
hanscarla
monaviolet
jackbill
johnpeter
williamluann
jackkarl
tommyjohn
markharry
luannrichard
johnhans
annekarl
dickgary
markwilliam
harrystan
stanpatricia
monicamarian
edfrank
arnoldjose
stanleymary
jackxavier
richarnold
franzrichard
edbill
williamsue
tommypeter
edgary
carldick
williamjeff
patriciastan
beatom
davidbea
tommydick
xavierdana
richmonica
patriciatommy
harrymona
harrydick
billjohn
peterluann
stansue
arnoldpeter
hansjeff
carlaarnold
marydick
williamcarl
davidviolet
harrytommy
patitom
hanspeter
peterdeanna
jeffhans
stanleykarl
annecarl
wendymonica
danajose
markstanley
davidbob
peterpatricia
beabill
billsue
carlapeter
deannabea
deannastanley
dickdeanna
edxavier
garyed
jacksue
johnrich
monarick
stanwendy
davidcharles
marianrick
charlesrich
suetommy
garycarl
violetjohn
carlmary
stangary
jackdeanna
carlatommy
markdavid
bobtom
luannmarian
markpatricia
tombill
tomjeff
beadana
garyrich
monicagary
tommykarl
tomdick
johnmona
rickanne
patriciamona
franzwilliam
richkarl
carlapati
richcharles
jackfranz
deannarichard
richardjack
annepati
stanleyed
markmarian
billrichard
rickrick
harrywilliam
richardhans
tomxavier
hansjohn
dickstanley
patriciamarian
tommymarian
johnsue
patimarian
stanleymona
monicabea
arnoldjack
williammary
monicatom
rickxavier
jeffrick
arnolddick
jeffmark
tomstanley
arnoldstan
patimark
johnmonica
tommyjose
petertommy
luannxavier
franzstan
bobgary
wendyarnold
violetpati
xavierpatricia
garyjohn
marianfranz
marianluann
tomjohn
markarnold
mariandavid
stanmona
wendydavid
danastan
beamona
carlgary
richardanne
petered
violetdana
patiharry
danadavid
franzfranz
arnoldbea
rickbea
tommark
tomed
billtom
carlawilliam
billharry
marianmona
jeffxavier
stanleyxavier
stantom
charlessue
carladick
marysue
wendygary
violetcarla
monicapatricia
jeffed
charlesjeff
wendyjack
garyviolet
billwilliam
jacktommy
johnviolet
josebob
luannfrank
paticarla
stanpati
charlesrichard
luannhans
charlesxavier
suerick
patriciamark
monagary
danacarla
wendybill
karlhans
garydana
tommycarl
frankstan
carlluann
johnwendy
danawendy
marianed
karlcharles
hanstom
carlakarl
jeffpati
richgary
markdana
billxavier
mariantom
patriciacharles
richanne
frankluann
josecharles
danamary
ricktom
marytom
monicamonica
franzed
stanleypati
williamed
richardcharles
harrybill
carlarich
beawendy
carlcarla
williambea
monicarich
frankrick
violettommy
richarddeanna
harrystanley
carldeanna
deannaluann
danasue
williampati
carlasue
patriciafranz
monabea
stancarla
harryrich
billmary
harryjose
stanxavier
richardpati
patipatricia
deannaed
hansarnold
xavierstan
charlesfranz
richdick
rickfranz
wendyfrank
peterjohn
stanleydick
frankrich
carlarichard
hansmark
peterbill
harrymarian
williamfrank
jeffdick
arnoldmarian
bobpati
luannkarl
monicaluann
williamdana
rickbob
stanleytommy
williammonica
williampeter
billwendy
deannacarla
dickwendy
frankjose
franzluann
johnbill
karlrichard
markbill
monicatommy
patriciamonica
peterwendy
tombea
tommygary
tomtom
violetanne
violetfranz
violetgary
xavierkarl
tomharry
sueed
patriciadeanna
rickluann
jackcarl
billdana
carlaanne
billmarian
annejeff
rickgary
violetharry
edrich
monamark
tommyjack
karltom
wendycarl
patriciacarl
suedavid
hansrick
tomluann
jackwilliam
davidharry
eddeanna
luannviolet
josedavid
frankwendy
johnmary
rickjohn
violetkarl
marianviolet
jeffrich
joserich
petertom
xavierrich
billfranz
billhans
stanleymarian
dickmary
rickkarl
billmonica
joserick
frankmonica
anneviolet
stanrick
violetbill
harryviolet
danatommy
garykarl
arnoldviolet
bobsue
tomviolet
patiluann
billrich
patriciadana
monaed
tommydavid
dickjack
marywilliam
monawendy
marystanley
jeffjack
xaviermona
deannaxavier
patriciajack
beabea
tomgary
violetmonica
richmary
franzmark
frankmarian
marianmonica
tomtommy
rickjeff
frankarnold
richardmona
stanleyrich
carldana
marianharry
patideanna
monicacarl
patriciacarla
bobpatricia
marianbill
arnoldmark
franzrick
standana
deannamarian
harrypati
annestanley
violetluann
garyluann
carlamonica
dickrick
tomhans
johndavid
frankbob
carlaviolet
luanncharles
deannabob
jackrichard
danacharles
richardwendy
edjack
peterpeter
harryfrank
deannarich
tommypati
deannadana
johnstanley
beadick
carljeff
marianpati
patimonica
stanjeff
tommary
williamstanley
bobtommy
petergary
richmona
monicadeanna
stanleymonica
monapeter
carlajose
annedick
petersue
tommyfrank
ricked
tommystanley
stanjack
patigary
dickrichard
deannamonica
garypeter
billtommy
danarichard
stanleysue
franzarnold
danajack
billstan
bearichard
jeffsue
harryluann
beafranz
josesue
wendydick
jeffharry
franked
danadick
davidjohn
hansgary
williammark
stanleybill
monicacarla
marymarian
tommywendy
karlpatricia
richbea
richsue
marystan
tommyed
marypeter
annejose
hansbob
williamkarl
karlbob
hanskarl
patricialuann
stanleyfrank
monicastan
davidxavier
