stansue
bobfrank
edarnold
dickbea
garymary
luannkarl
suejohn
frankmary
deannacarl
davided
williamcharles
richardfrank
patriciacarla
frankharry
danastan
josebea
davidtommy
charlesharry
patriciapati
rickcarl
frankarnold
dickdeanna
carlakarl
tomluann
maryrick
tommyjack
hanspati
williamdick
carlstanley
luannviolet
jeffkarl
suepati
jackharry
carled
carlmark
stanleypati
richardpeter
monawendy
beapeter
franzmary
marybea
hansdeanna
xaviered
xavierluann
luannmonica
patriciawendy
josekarl
edfrank
frankstanley
garydana
joserichard
maryxavier
petercarla
rickfrank
edpati
karlwendy
mariantommy
joserich
rickmarian
richpeter
williamharry
deannajeff
xavierrichard
bobanne
markmonica
harrydick
stanmary
charlesstanley
richmarian
violeted
stanleykarl
bobwilliam
carlfranz
carlfrank
dickmonica
markbea
richardfranz
franzjose
marianhans
xavierbea
stanpatricia
deannadick
jacked
xavierstan
deannapeter
suedick
stanpeter
jeffcarla
billfrank
carlrick
marypatricia
danadavid
harrybea
peterdana
eddavid
karlbob
markhans
jackarnold
tommark
rickfranz
garykarl
patimona
markbill
beapatricia
deannaviolet
stanstanley
richtom
marianrick
violetarnold
carlarichard
danadeanna
jackfrank
danamona
garybill
richsue
richmonica
tommytom
carlaanne
carltommy
monapatricia
carlagary
franzmark
harrysue
karlviolet
edanne
franzsue
xaviergary
arnolddeanna
tomcarl
jackkarl
charlesmary
carlamark
edmarian
franztom
richardtommy
petertommy
violetrich
charlesdavid
deannatom
marianpatricia
johnmonica
davidwilliam
monatommy
danawendy
carldana
davidjack
johnbea
jackmark
marianwilliam
annerichard
arnoldbob
billbob
dickhans
edwendy
franzrick
jackcharles
johnxavier
maryjack
monacharles
richarddavid
williampatricia
bobpatricia
patriciatom
garyrichard
jeffstanley
carlabill
luannjose
petermarian
marianharry
tommykarl
beabea
jackbea
carlacarla
jeffwendy
jackbill
markmarian
annehans
tomhans
beagary
charlesbea
garyxavier
violetpati
stanbob
peterdeanna
charlesgary
dickjack
karldick
frankmark
garyviolet
harrystan
tommona
carlmarian
carlacharles
monicawendy
edkarl
monacarla
dicksue
deannamarian
richdavid
carlapatricia
deannaarnold
bobxavier
bearich
maryjohn
tomanne
markluann
edluann
carlajack
johnstan
patitommy
tombob
marytommy
danarichard
luannmark
johnmary
carlrichard
monicaxavier
rickmark
jackhans
tommystan
billgary
karltom
luannbill
williamdeanna
stanjohn
violetjack
deannatommy
hansjohn
carlmona
patibob
carlharry
franzcarla
tommyhans
markanne
luanned
garyfrank
hanskarl
stanleyluann
arnoldstan
patidana
carlajohn
patriciamarian
harryed
violetjeff
violetjohn
billpati
tomwilliam
patihans
violetmary
josedana
tomcharles
billsue
wendyhans
patigary
deannastanley
marktommy
danapatricia
bobbea
violetmona
franzmarian
josepati
tommypatricia
annemonica
jeffbea
johntom
karldavid
richardmonica
stanviolet
tomjose
williammary
luannarnold
josefranz
jackmarian
suedeanna
billarnold
karlstanley
hansarnold
suerichard
violetcharles
charlescarl
violetkarl
tommyviolet
monicabea
jackwendy
billdana
richbea
markviolet
petercharles
harrymark
johnpeter
jeffmona
stanbea
stanleycharles
monicamary
davidhans
patriciaanne
richardpatricia
hansviolet
markrick
monasue
monadana
jeffstan
peteranne
mariansue
patriciawilliam
joseanne
beajohn
bobdana
violetsue
garyharry
josemarian
bobrich
tommycarl
annebill
monicamark
karljack
stananne
richmary
richardjack
xavierdeanna
charlesxavier
josedavid
danarick
annearnold
markcharles
marianmarian
bobdick
josexavier
garyluann
karlxavier
stanleyarnold
suedana
xavierhans
deannawendy
edtommy
marymary
paticarla
beamark
tomdana
bobbill
billxavier
patifrank
johnfranz
garyjose
violetmonica
tommyrich
monicabill
patriciapeter
maryfrank
edrich
frankstan
danaviolet
luannjeff
stancarla
monicasue
stanxavier
garydick
carlcarl
hanswendy
tombill
peterdick
garymonica
beaanne
davidxavier
monarich
charlespeter
marysue
annewendy
richarddana
bobharry
hansjack
hansgary
richgary
tomtommy
arnoldviolet
patipati
monicagary
beadeanna
edbea
edmona
standana
monabob
johnwendy
monadeanna
monabea
luannpati
anneed
edrick
markmark
hansmarian
markcarl
xaviercharles
johnrich
tomdavid
garytommy
suepatricia
frankmona
davidbob
harrycharles
xaviermark
franzfranz
marystanley
xaviercarl
franzrichard
bobjack
annepatricia
annestan
billtommy
jeffpatricia
richardrichard
stanleystan
sueed
danaluann
jackdavid
beastan
patimarian
marianjack
carlabea
richxavier
stanleyanne
franzjack
williamfranz
deannamark
stangary
frankdavid
peterfrank
violetfranz
bobgary
charlesrick
johncharles
beacarla
beajose
harrydavid
xavierdick
franzxavier
stanpati
suewendy
garyanne
richardmark
monicapeter
jeffdana
bobrichard
josepeter
mariangary
garytom
richardsue
patriciarichard
karlrichard
beatommy
hansmark
danajack
monicadana
richjohn
annetommy
beadick
billluann
carlajeff
carlamary
carlsue
deannamona
deannaxavier
edbill
eddeanna
garypeter
harryrichard
marianbob
markjohn
monamarian
monicamonica
patriciacharles
rickcharles
rickrich
suemona
suesue
tommydavid
xavierrick
franzbill
billfranz
annemarian
deannacharles
williamstanley
peterharry
stantommy
charlesmonica
anneviolet
monicakarl
patriciastan
frankfranz
deannadana
richpatricia
stanleydavid
jackwilliam
beadavid
harrystanley
ricktom
peterwilliam
karlcarla
johnrichard
harrybill
josehans
dickviolet
johnjeff
suehans
frankpeter
charleskarl
deannaed
luanngary
beabill
suearnold
charlestommy
maryfranz
deannarich
xavierpeter
wendywilliam
rickmary
harrytom
davidluann
franzbea
xavierjose
stanleyrichard
stanrich
carldavid
xavierrich
richardanne
danaarnold
edfranz
wendyrich
davidsue
franzed
marycarl
tommonica
patibill
luannluann
frankjohn
danaxavier
charlespati
franzharry
suetom
danabob
danaed
johnsue
patixavier
dickcharles
annejose
marianpati
patipeter
richdana
charlesrich
tomfrank
stanleyrick
garyjeff
tomwendy
billmona
arnoldanne
xavierjohn
billviolet
monamona
frankbob
annerick
jeffharry
davidjohn
karlmonica
arnoldrich
peterbea
stanleypeter
monastanley
danastanley
billjeff
rickbea
johnjack
danabea
carlbob
karlgary
richardharry
hansharry
bobtom
carlbill
danajose
franzpatricia
hanshans
peterpeter
tomarnold
tommyjeff
tommypeter
tomkarl
josemona
marianrichard
patisue
violetbill
suebea
bobtommy
carlgary
violetdana
williamjack
beakarl
richcharles
williambill
williamtommy
stanstan
annesue
jefftommy
luanndavid
annegary
carljose
monicaluann
frankpati
markjeff
jackjack
harrymarian
richarddick
richjack
bobpati
wendydana
wendyjeff
marianxavier
stanhans
dicktommy
suestan
billbill
tomsue
deannabea
xavierviolet
monakarl
carlhans
frankpatricia
davidwendy
luannsue
harryfranz
wendytom
monicastan
jackviolet
johnhans
edbob
eddana
patiluann
peterstanley
richwilliam
arnoldarnold
tommyjose
richardstanley
harryjeff
anneluann
carlarich
harrykarl
markdeanna
violetmark
davidharry
bobhans
arnoldbea
karlpatricia
charlesmark
edpatricia
richfrank
peterbob
carlstan
stanjose
billwendy
luannmary
bearick
violetviolet
dickluann
edcarla
arnoldjohn
suejose
danawilliam
harryrich
frankmarian
danatom
danacarla
bobjose
garymona
richrick
stanjeff
harryjose
rickpatricia
tomjohn
beawendy
dickmark
charlessue
bobwendy
carlviolet
monicafrank
stanmarian
carlxavier
hansdick
jackmona
karlstan
marianpeter
rickjeff
stanleyjohn
tommary
josemary
tommycarla
markdana
violethans
monicapatricia
williamluann
frankcarl
jeffgary
dickcarla
richstan
frankjack
markrich
monicajohn
jackrichard
garypatricia
williamrick
tomcarla
patied
davidfranz
maryed
stanmona
johnkarl
arnoldcharles
monatom
luannstan
patriciamary
stanleycarla
wendyed
johnanne
rickviolet
frankdeanna
jeffjohn
deannabill
marianmonica
jackluann
joseharry
monicacarla
xavieranne
marykarl
marypati
dickjeff
garybob
johndana
stanleygary
tommyfranz
williamrichard
luanncharles
frankgary
stanleyjeff
luannharry
tommymona
williamjohn
patidick
monicatommy
luannstanley
hansjose
monicarich
rickdeanna
arnolddana
suejeff
tomharry
stanleyxavier
jackjohn
williamhans
dickstanley
rickarnold
charlesdana
franzjohn
patidavid
edwilliam
violetjose
marianmona
monarick
josecarl
davidbea
carldick
johnviolet
arnoldgary
harrybob
marianjeff
williamdana
monaviolet
suexavier
tommyarnold
arnolddavid
rickwendy
richardpati
harrygary
beamarian
stanleytommy
monaharry
danakarl
luannrich
bobmary
dickjose
richardcharles
patimary
beamona
mariancarla
arnoldmarian
arnoldfrank
edjose
billjose
stanarnold
jeffrick
richardarnold
deannadeanna
monafrank
annedeanna
arnolddick
carlarnold
carlawilliam
edgary
edrichard
franzdick
joserick
luannjack
markrichard
maryrichard
monicamona
patijeff
patriciafranz
peterjack
richardcarla
richluann
rickmonica
stancharles
stanleyfrank
markpati
tommygary
beajeff
tomstan
williamxavier
xavierjeff
davidmary
markpeter
stanleywendy
richkarl
marianfrank
monamark
monajeff
monacarl
joseluann
carlmonica
markwilliam
franzmonica
billbea
edcarl
danajohn
arnoldjeff
karlmark
richardhans
billdick
patiarnold
petermonica
violetmarian
wendybea
tommyanne
carljohn
williampeter
danadick
peterarnold
patibea
harrymary
franzdana
davidmona
stanleyfranz
johnstanley
hanswilliam
violetgary
marycharles
mariandavid
richcarla
monamary
rickhans
tommywilliam
patideanna
markwendy
williamkarl
rickbill
monicahans
monapati
bobed
violetfrank
patriciasue
dicktom
richdeanna
tompati
carlluann
marianrich
jackpatricia
monaed
charlesbill
davidrichard
richardbob
stanleymonica
franzstan
dickpatricia
xaviermarian
johnmona
carlasue
wendycarla
wendystanley
carlastan
bearichard
charlesjohn
jackrick
jackdeanna
deannastan
carlabob
patriciajohn
tommyed
joseviolet
xaviermona
arnoldstanley
harrymona
mariantom
wendydavid
suewilliam
jackrich
bobjohn
rickkarl
carlwendy
davidcarla
patriciadeanna
standick
richardxavier
harrypati
garyarnold
frankviolet
suemark
xavierjack
wendyfranz
annedavid
carlahans
davidpeter
deannajohn
hanspatricia
jackcarla
karlbill
marianwendy
wendypati
jefftom
carlarick
karlluann
jeffjeff
jeffjack
davidstanley
franktommy
marianmary
jeffrich
violetcarl
tomviolet
charlesdick
tomrich
karlrich
harryanne
hansjeff
carlawendy
beamonica
suemonica
frankxavier
johnpati
josewilliam
wendyanne
carldeanna
dickrich
eded
bobluann
marianviolet
frankcharles
billpeter
xavierstanley
beatom
marycarla
patriciahans
beastanley
beacharles
maryrich
patijose
monapeter
johnwilliam
rickstanley
tomgary
charlesmarian
luannanne
violetwilliam
carlaxavier
richjeff
stanjack
suekarl
monicabob
davidjeff
marianjohn
richardcarl
arnoldsue
billmarian
tomjack
arnoldrick
davidrick
patriciagary
harryxavier
patricialuann
xavierfranz
williamfrank
tomdick
davidarnold
xavierfrank
bobstanley
