billpati
davidbill
monicadavid
jefffranz
jacked
frankfranz
williamjack
tomgary
petertom
dickpati
johnwendy
rickkarl
charleswendy
edarnold
wendyfranz
karlwendy
suerick
dickbob
carlpati
rickdick
peterxavier
davidpeter
suexavier
luannpeter
bobluann
violetmarian
garymark
dickdana
josehans
suemark
rickjeff
marymary
annetom
carlarich
stancarla
edmark
danaluann
monamark
franzmark
marianwendy
xavierarnold
johnpatricia
annehans
williammonica
tommymonica
williamjohn
richardstan
tomdana
tomkarl
karlfrank
patriciajeff
monaxavier
karljack
tommyarnold
beafranz
marianxavier
jackpeter
arnolddeanna
davidfranz
deannaed
frankrick
harryjohn
karlanne
marybill
monahans
tommyxavier
wendyanne
edxavier
monicasue
davidrichard
patibob
annedeanna
markviolet
edbob
marywilliam
maryhans
franzmonica
deannabill
patriciamary
tomviolet
frankwilliam
billluann
johnjeff
marianfranz
patistanley
franzwendy
luannrick
harrystan
richrichard
jeffviolet
franzcarl
jeffmark
franzharry
violetkarl
jackmonica
frankbill
johnstan
marianpatricia
stanleymona
harrysue
jackcarl
carldeanna
marianharry
williambill
bobpatricia
deannaluann
billrichard
patriciafranz
richardmonica
josemonica
carlanne
peterbob
dickwilliam
luanndana
johnmark
dickrich
garypeter
bobpeter
wendyharry
franzbob
eded
markrichard
tombill
davidjack
tommytom
beaviolet
stanbea
hansmark
franzbill
xavierstanley
xaviercharles
josejohn
garytommy
violetcarla
carlrich
bobjohn
beasue
stanrichard
xavierwilliam
harrydavid
violetdavid
billfranz
ricktommy
charlesgary
tommystan
luannanne
davidanne
monacharles
bobbill
bobrich
arnoldjeff
marianrich
violetmonica
johnjohn
marianmark
carljack
annejeff
tomjose
marianjose
marianbill
bobgary
monicarick
monicarichard
richardwendy
richardtommy
richsue
edwendy
patriciaanne
johnwilliam
suefrank
carldavid
annejohn
johncarla
billjose
bobcharles
davidcharles
davidjeff
deannapatricia
jeffrick
jeffstanley
johntommy
josedick
josejack
karlstan
karlsue
karltom
monacarl
peterfranz
richarddana
tommykarl
violetjack
williamfranz
xaviermark
suefranz
tomsue
beamary
jeffmary
deannastanley
deannacharles
annedavid
carljose
rickrich
rickbea
tommyrichard
garysue
billmona
monicajack
harrycharles
patirick
jackcarla
billxavier
deannadavid
patriciapatricia
charleswilliam
monajack
richardmona
carlamark
eddeanna
luanncarla
dickwendy
carlamona
billpatricia
frankpati
harrybill
frankwendy
davidjose
rickwilliam
richardgary
dickgary
petertommy
jeffluann
frankharry
carlawilliam
johnrich
maryfranz
annedick
luannwendy
suepatricia
karlpeter
richarded
williamdana
deannajose
markfranz
richjose
garykarl
williamdeanna
monicawilliam
edjack
maryrick
tomarnold
peterstan
harrymarian
karlrich
johnharry
luannmona
jacksue
luanndavid
harryhans
harrypatricia
deannamonica
danajose
luannstan
annemary
garyrich
suedick
jeffpatricia
peterdick
marianjohn
williamfrank
beadick
stanleyrick
beajack
beafrank
monakarl
carlpeter
maryrichard
karlrichard
carltommy
johndick
dickharry
jeffwendy
stangary
marygary
tomanne
tommygary
jefftommy
frankjohn
wendyfrank
stanleyfranz
garydana
patisue
jackbill
richardfrank
peterbea
richkarl
annemonica
jackdeanna
garyrichard
tommydana
franzjose
charlesjose
tommyjack
carlapatricia
hansmonica
marypeter
frankmona
hansbill
mariantom
frankbob
hanssue
dickkarl
rickviolet
markbill
patidick
monicabill
violetbea
karlfranz
richmona
stansue
patimonica
jeffhans
richardjeff
carlaxavier
monicafrank
markpati
bobbea
hanstommy
markdana
danajack
richardanne
carlahans
danadeanna
carlwilliam
rickstan
karlcarl
richstan
suestanley
davidstan
stanmona
jeffdeanna
garyjeff
jackdick
arnoldrich
stanbill
marianarnold
franztommy
deannatommy
richardpatricia
carlcarla
violetjohn
carlcharles
jeffbob
josemary
markpeter
stanleydavid
violetmary
xaviertommy
maryjose
daviddana
hansdeanna
garymonica
edmona
davidpatricia
arnoldjohn
richtommy
dickarnold
tomstanley
xaviergary
suepeter
maryxavier
karlpatricia
xavierxavier
johnbea
dickstanley
richardmarian
violetluann
williambob
davided
stanwendy
jeffrich
charlessue
billviolet
richwilliam
monicacharles
billpeter
harryrick
dicked
sueharry
billgary
xavierrichard
hansharry
danahans
petercharles
richardxavier
stanleykarl
garyarnold
tompati
billdeanna
johnstanley
joserick
marianmona
marycarl
peterwendy
charlespatricia
davidstanley
franzdeanna
wendyrick
rickpeter
rickgary
marydeanna
annemona
maryviolet
richanne
suerich
stancarl
monadick
rickluann
annexavier
hansdavid
johnfranz
annerick
annewendy
charlesbea
richardrick
monicadeanna
tompatricia
davidpati
garyfrank
bobpati
danabill
franzarnold
peterhans
frankcarl
deannaarnold
billjeff
wendymary
jackxavier
petermarian
patifranz
johnmary
charlesfranz
patriciabob
monagary
danadavid
edpeter
richrich
karljose
richarddavid
patriciabill
jefftom
danabea
tommonica
suecharles
williamtom
hansrich
luannmonica
franzkarl
violetfranz
markharry
davidrick
charlesjeff
wendyed
suemarian
hansmona
davidcarl
harrybea
josefranz
davidbob
beadavid
standavid
richdick
arnoldpati
frankpeter
patriciaxavier
karlarnold
riched
wendystanley
wendysue
johnarnold
patriciarichard
markmary
wendydavid
frankgary
stanleyluann
danarich
josemona
patiwilliam
arnoldkarl
deannajack
carlabill
rickrick
rickstanley
annestanley
patriciajack
peterdavid
joseed
sueluann
richhans
peterarnold
billmarian
carlacarl
carlagary
danaharry
garybob
jackwilliam
jeffkarl
johnviolet
markarnold
marydana
monawilliam
petergary
tomharry
tommywilliam
violeted
xaviertom
jackbob
josemarian
bobmona
josetommy
annepatricia
danawilliam
carlmarian
arnoldpatricia
patimark
tomstan
richstanley
suecarla
monacarla
hanskarl
danamonica
garyanne
patimona
xaviermary
monicadick
jackmona
jackrichard
harrypati
billbea
franzstanley
peterwilliam
xavierrich
arnoldcharles
tomfrank
stanleystanley
violetpatricia
harrytommy
stanarnold
stankarl
carlajeff
harrymark
jeffanne
joseviolet
monamona
jackrich
luannfranz
monamonica
dickcharles
markwilliam
richjeff
frankdana
garyjose
danarick
franzpatricia
tommycarla
tommyed
patijose
danamona
davidxavier
carladavid
garymarian
anneharry
xavierwendy
peterfrank
charlesbob
deannadana
jackluann
marktommy
stanjose
annemark
jeffpeter
markdavid
marianstan
danastanley
monarichard
marianbea
monicajeff
rickanne
violetsue
carlaanne
beapeter
beatommy
luanndeanna
carlaarnold
tommarian
arnoldxavier
markstanley
beabill
franzwilliam
markstan
monicaviolet
frankmonica
bobtom
stanleybob
johnbill
arnoldmary
monicamona
suebea
frankkarl
richbea
jackjohn
danarichard
marianjeff
deannacarl
williamwilliam
edharry
carlbob
jeffcarla
franzjohn
luannfrank
johndana
hansmarian
deannapati
billwendy
charlesmonica
richardarnold
tommyanne
violetjose
beaharry
beamona
monastan
charlesjohn
peterpatricia
billcharles
tombea
dickstan
richardbea
bobfrank
wendycarl
xavierjose
josedavid
hansluann
marycarla
karled
stanleymark
richcharles
monicajose
richardwilliam
carlacharles
rickjack
charlesjack
franzhans
marianwilliam
xaviercarla
patitom
peterdeanna
jackcharles
carlafranz
karljeff
tommydeanna
bobsue
williamarnold
hanswendy
beahans
violethans
karlstanley
williamstanley
daviddeanna
jackdana
karlmark
stanfranz
luannrich
karlpati
anneviolet
carlviolet
tommycharles
tommymarian
franzmona
tommypati
arnoldfrank
jackwendy
bobdana
arnoldwendy
garyharry
suebill
daviddavid
frankanne
richwendy
karlbob
monarick
charlesmark
peterdana
edmonica
patidavid
sueanne
karlmary
karlkarl
johndeanna
williampatricia
suejohn
richardcarla
wendybob
stanwilliam
charlesstan
mariandeanna
jeffbill
williamcharles
jeffcharles
stanjohn
stanpatricia
marianpeter
frankmark
williamhans
luannviolet
beaarnold
billstanley
richardkarl
marysue
karljohn
peterharry
markluann
eddana
deannapeter
stanstan
johnmarian
stanleyxavier
carlamary
frankdeanna
tommyluann
patriciahans
williamharry
beapatricia
rickdeanna
tommypatricia
marytom
deannabea
annecharles
bobcarla
danabob
deannaxavier
garyviolet
harryjeff
luannsue
markdick
patriciadeanna
petercarla
tomjohn
tomrichard
wendymona
richardbob
xaviersue
dickmona
beatom
suetommy
carlabob
marydavid
davidwilliam
josecarl
richardluann
patriciadick
luanned
josebob
franzjeff
hansjeff
maryfrank
luannjack
daviddick
danajeff
danacarl
dickjohn
monicapatricia
williamsue
davidharry
arnoldrick
harryrichard
richardpati
jacktommy
carldick
rickcarla
violettommy
suerichard
karlcarla
luannjose
deannatom
violetstan
maryed
petermona
billsue
marytommy
johnjose
dickanne
eddavid
richdeanna
violetharry
sueed
karlmonica
wendyjose
dickcarl
richardmary
stanleytom
charlesrichard
stanleycharles
karldana
franztom
harrydeanna
johntom
williamviolet
carlsue
markcarl
arnoldtommy
hansjack
wendymark
richjack
franzjack
monaharry
tommyhans
frankxavier
williamanne
danaarnold
edcarl
josesue
patirichard
marianmary
harryviolet
luannjeff
deannabob
violettom
richgary
patriciaviolet
bobtommy
jacktom
suemona
charlesdeanna
carlatommy
anneanne
deannafranz
karlviolet
williamstan
josetom
annecarla
carlarichard
danasue
davidluann
deannafrank
dickbill
frankcarla
garytom
garyxavier
hansstanley
harrygary
joserich
luannharry
marystanley
monicastanley
rickrichard
tommyjohn
tomwendy
xavierviolet
jackstanley
frankfrank
violetdeanna
josepatricia
franzpati
tommybob
carlaharry
tomjack
josepati
marianluann
maryharry
jackgary
violetcharles
mariankarl
charlesdana
arnoldmona
garymary
wendyrichard
josepeter
monicapeter
frankarnold
arnoldwilliam
garyed
karltommy
hanspatricia
tomcarl
monicafranz
mariancarla
jackfrank
richdavid
monicakarl
stanleyarnold
garypatricia
carljeff
marymona
danawendy
danamark
beacarl
rickcharles
hansrichard
beacharles
suepati
xavierjack
billarnold
johnsue
harryed
deannacarla
stanpeter
rickhans
hansarnold
markmarian
wendyjeff
carlarnold
carlstan
richardfranz
peterpeter
frankstan
franktommy
peterstanley
jackpati
arnolded
stanrick
peterjose
davidhans
harrymona
danafrank
garystan
harryrich
patriciatom
danapati
annerich
charlesdavid
patriciabea
annejack
harryfrank
johnbob
carlapati
patriciacarla
markkarl
harrytom
annebill
hansmary
annerichard
annegary
hanstom
edjose
arnolddick
tomdeanna
marymark
josecarla
tommypeter
deannawendy
dickpatricia
harrywendy
patriciatommy
beajose
rickmona
carlcarl
arnoldarnold
markdeanna
franzanne
jeffbea
josewilliam
luannluann
beapati
marianpati
beaed
monicahans
peterbill
dickbea
davidcarla
monajose
charlesharry
peterjeff
patipeter
stanleyanne
anneluann
rickpatricia
frankdavid
davidviolet
hansjose
tomdavid
billfrank
marydick
marianrichard
wendygary
patricialuann
jackmark
williamtommy
deannadeanna
joseluann
garyjack
carlaluann
staned
annefranz
monawendy
franzrich
hanspati
harrycarla
carlxavier
frankrich
deannaharry
tommyharry
